Started GET "/" for 127.0.0.1 at 2023-07-28 17:27:48 +0530
Processing by Rails::WelcomeController#index as HTML
  Rendering /var/lib/gems/3.0.0/gems/railties-7.0.6/lib/rails/templates/rails/welcome/index.html.erb
  Rendered /var/lib/gems/3.0.0/gems/railties-7.0.6/lib/rails/templates/rails/welcome/index.html.erb (Duration: 1.4ms | Allocations: 931)
Completed 200 OK in 15ms (Views: 4.1ms | ActiveRecord: 0.0ms | Allocations: 10761)


Started GET "/" for 127.0.0.1 at 2023-07-28 17:30:50 +0530
  
SyntaxError (/home/rosharma/Documents/rails/rohitji/app/controllers/application_controller.rb:4: syntax error, unexpected end-of-input, expecting `end'):
  
app/controllers/application_controller.rb:4: syntax error, unexpected end-of-input, expecting `end'
app/controllers/application_controller.rb:4: syntax error, unexpected end-of-input, expecting `end'
app/controllers/application_controller.rb:4: syntax error, unexpected end-of-input, expecting `end'
Started GET "/" for 127.0.0.1 at 2023-07-28 17:31:35 +0530
Processing by ApplicationController#Rohit as HTML
  Rendering html template
  Rendered html template (Duration: 0.0ms | Allocations: 15)
Completed 200 OK in 2ms (Views: 1.3ms | Allocations: 1087)


Started GET "/" for 127.0.0.1 at 2023-07-28 17:31:51 +0530
  
SyntaxError (/home/rosharma/Documents/rails/rohitji/app/controllers/application_controller.rb:4: syntax error, unexpected end-of-input, expecting `end'):
  
app/controllers/application_controller.rb:4: syntax error, unexpected end-of-input, expecting `end'
app/controllers/application_controller.rb:4: syntax error, unexpected end-of-input, expecting `end'
app/controllers/application_controller.rb:4: syntax error, unexpected end-of-input, expecting `end'
Started GET "/" for 127.0.0.1 at 2023-07-28 17:32:15 +0530
Processing by ApplicationController#Rohit as HTML
  Rendering html template
  Rendered html template (Duration: 0.1ms | Allocations: 11)
Completed 200 OK in 1ms (Views: 0.9ms | Allocations: 772)


Started GET "/" for ::1 at 2023-07-28 18:13:14 +0530
  
SyntaxError (/home/rosharma/Documents/rails/rohitji/app/controllers/application_controller.rb:7: syntax error, unexpected end-of-input, expecting `end'):
  
app/controllers/application_controller.rb:7: syntax error, unexpected end-of-input, expecting `end'
app/controllers/application_controller.rb:7: syntax error, unexpected end-of-input, expecting `end'
app/controllers/application_controller.rb:7: syntax error, unexpected end-of-input, expecting `end'
Started GET "/" for ::1 at 2023-07-28 18:13:27 +0530
Processing by ApplicationController#newcomp as HTML
Completed 500 Internal Server Error in 5ms (Allocations: 4671)


  
ActionView::MissingTemplate (Missing template application/newcomp with {:locale=>[:en], :formats=>[:html], :variants=>[], :handlers=>[:raw, :erb, :html, :builder, :ruby, :jbuilder]}.

Searched in:
  * "/home/rosharma/Documents/rails/rohitji/app/views"
  * "/var/lib/gems/3.0.0/gems/turbo-rails-1.4.0/app/views"
  * "/var/lib/gems/3.0.0/gems/actiontext-7.0.6/app/views"
  * "/var/lib/gems/3.0.0/gems/actionmailbox-7.0.6/app/views"

Did you mean?  rails/conductor/action_mailbox/inbound_emails/new
               rails/conductor/action_mailbox/inbound_emails/sources/new
               rails/conductor/action_mailbox/inbound_emails/index
               rails/conductor/action_mailbox/inbound_emails/show
               layouts/rails/conductor
               layouts/turbo_rails/frame):
  
app/controllers/application_controller.rb:6:in `newcomp'
Started GET "/" for ::1 at 2023-07-28 18:13:51 +0530
Processing by ApplicationController#newcomp as HTML
  Rendering html template
  Rendered html template (Duration: 0.1ms | Allocations: 15)
Completed 200 OK in 2ms (Views: 1.6ms | Allocations: 975)


Started GET "/" for ::1 at 2023-07-31 11:23:36 +0530
Processing by ApplicationController#newcomp as HTML
  Rendering html template
  Rendered html template (Duration: 0.1ms | Allocations: 20)
Completed 200 OK in 10ms (Views: 4.7ms | ActiveRecord: 0.0ms | Allocations: 4743)


Started GET "/" for ::1 at 2023-07-31 11:25:40 +0530
Processing by PagesController#home as HTML
  Rendering layout layouts/application.html.erb
  Rendering pages/home.html.erb within layouts/application
  Rendered pages/home.html.erb within layouts/application (Duration: 1.4ms | Allocations: 435)
  Rendered layout layouts/application.html.erb (Duration: 205.9ms | Allocations: 97995)
Completed 200 OK in 208ms (Views: 207.6ms | Allocations: 99091)


Started GET "/" for ::1 at 2023-07-31 11:26:09 +0530
Processing by PagesController#home as HTML
  Rendering html template
  Rendered html template (Duration: 0.0ms | Allocations: 11)
Completed 200 OK in 1ms (Views: 0.9ms | Allocations: 775)


Started GET "/" for ::1 at 2023-07-31 11:26:21 +0530
Processing by PagesController#home as HTML
  Rendering layout layouts/application.html.erb
  Rendering pages/home.html.erb within layouts/application
  Rendered pages/home.html.erb within layouts/application (Duration: 0.1ms | Allocations: 12)
  Rendered layout layouts/application.html.erb (Duration: 8.4ms | Allocations: 14027)
Completed 200 OK in 10ms (Views: 9.3ms | Allocations: 14878)


Started GET "/" for ::1 at 2023-07-31 11:27:24 +0530
Processing by PagesController#home as HTML
  Rendering html template
  Rendered html template (Duration: 0.0ms | Allocations: 11)
Completed 500 Internal Server Error in 1ms (Views: 0.8ms | Allocations: 1198)


  
AbstractController::DoubleRenderError (Render and/or redirect were called multiple times in this action. Please note that you may only call render OR redirect, and at most once per action. Also note that neither redirect nor render terminate execution of the action, so if you want to exit an action after redirecting, you need to do something like "redirect_to(...) and return".):
  
app/controllers/pages_controller.rb:3:in `home'
app/controllers/pages_controller.rb:4:in `home'
Started GET "/" for ::1 at 2023-07-31 11:27:59 +0530
Processing by PagesController#home as HTML
  Rendering html template
  Rendered html template (Duration: 0.0ms | Allocations: 10)
Completed 200 OK in 1ms (Views: 1.0ms | Allocations: 776)


Started GET "/" for ::1 at 2023-07-31 11:27:59 +0530
Processing by PagesController#home as HTML
  Rendering html template
  Rendered html template (Duration: 0.0ms | Allocations: 5)
Completed 200 OK in 1ms (Views: 0.5ms | Allocations: 250)


Started GET "/" for ::1 at 2023-07-31 11:28:00 +0530
Processing by PagesController#home as HTML
  Rendering html template
  Rendered html template (Duration: 0.0ms | Allocations: 5)
Completed 200 OK in 1ms (Views: 0.4ms | Allocations: 234)


Started GET "/" for ::1 at 2023-07-31 11:28:00 +0530
Processing by PagesController#home as HTML
  Rendering html template
  Rendered html template (Duration: 0.0ms | Allocations: 5)
Completed 200 OK in 1ms (Views: 0.5ms | Allocations: 234)


Started GET "/" for ::1 at 2023-07-31 11:28:50 +0530
Processing by PagesController#home as HTML
  Rendering html template
  Rendered html template (Duration: 0.1ms | Allocations: 10)
Completed 200 OK in 1ms (Views: 0.8ms | Allocations: 775)


Started GET "/" for ::1 at 2023-07-31 11:28:50 +0530
Processing by PagesController#home as HTML
  Rendering html template
  Rendered html template (Duration: 0.1ms | Allocations: 5)
Completed 200 OK in 1ms (Views: 0.5ms | Allocations: 250)


Started GET "/" for ::1 at 2023-07-31 11:28:51 +0530
Processing by PagesController#home as HTML
  Rendering html template
  Rendered html template (Duration: 0.0ms | Allocations: 5)
Completed 200 OK in 1ms (Views: 0.3ms | Allocations: 234)


Started GET "/" for ::1 at 2023-07-31 11:28:51 +0530
Processing by PagesController#home as HTML
  Rendering html template
  Rendered html template (Duration: 0.0ms | Allocations: 5)
Completed 200 OK in 1ms (Views: 0.3ms | Allocations: 234)


Started GET "/" for ::1 at 2023-07-31 11:28:51 +0530
Processing by PagesController#home as HTML
  Rendering html template
  Rendered html template (Duration: 0.0ms | Allocations: 5)
Completed 200 OK in 1ms (Views: 0.3ms | Allocations: 234)


Started GET "/" for ::1 at 2023-08-01 10:51:48 +0530
Processing by PagesController#home as HTML
  Rendering html template
  Rendered html template (Duration: 0.1ms | Allocations: 20)
Completed 200 OK in 7ms (Views: 3.2ms | ActiveRecord: 0.0ms | Allocations: 4763)


Started GET "/" for ::1 at 2023-08-01 10:53:04 +0530
Processing by PagesController#home as HTML
  Rendering layout layouts/application.html.erb
  Rendering pages/home.html.erb within layouts/application
  Rendered pages/home.html.erb within layouts/application (Duration: 0.9ms | Allocations: 435)
  Rendered layout layouts/application.html.erb (Duration: 62.5ms | Allocations: 35617)
Completed 200 OK in 70ms (Views: 63.5ms | Allocations: 38980)


  [1m[35m (3.8ms)[0m  [1m[35mCREATE TABLE "schema_migrations" ("version" varchar NOT NULL PRIMARY KEY)[0m
  [1m[35m (5.2ms)[0m  [1m[35mCREATE TABLE "ar_internal_metadata" ("key" varchar NOT NULL PRIMARY KEY, "value" varchar, "created_at" datetime(6) NOT NULL, "updated_at" datetime(6) NOT NULL)[0m
  [1m[36mActiveRecord::SchemaMigration Pluck (0.1ms)[0m  [1m[34mSELECT "schema_migrations"."version" FROM "schema_migrations" ORDER BY "schema_migrations"."version" ASC[0m
Migrating to TestRecords (20230801052642)
  [1m[36mActiveRecord::SchemaMigration Pluck (0.1ms)[0m  [1m[34mSELECT "schema_migrations"."version" FROM "schema_migrations" ORDER BY "schema_migrations"."version" ASC[0m
Migrating to TestRecords (20230801052642)
  [1m[36mActiveRecord::SchemaMigration Pluck (0.1ms)[0m  [1m[34mSELECT "schema_migrations"."version" FROM "schema_migrations" ORDER BY "schema_migrations"."version" ASC[0m
Migrating to TestRecords (20230801052642)
  [1m[36mActiveRecord::SchemaMigration Pluck (0.1ms)[0m  [1m[34mSELECT "schema_migrations"."version" FROM "schema_migrations" ORDER BY "schema_migrations"."version" ASC[0m
Migrating to TestRecords (20230801052642)
  [1m[36mActiveRecord::SchemaMigration Pluck (0.1ms)[0m  [1m[34mSELECT "schema_migrations"."version" FROM "schema_migrations" ORDER BY "schema_migrations"."version" ASC[0m
Migrating to CreateRecords (20230801053131)
  [1m[36mTRANSACTION (0.1ms)[0m  [1m[36mbegin transaction[0m
  [1m[35m (0.3ms)[0m  [1m[35mCREATE TABLE "records" ("id" integer PRIMARY KEY AUTOINCREMENT NOT NULL, "title" varchar, "created_at" datetime(6) NOT NULL, "updated_at" datetime(6) NOT NULL)[0m
  [1m[36mActiveRecord::SchemaMigration Create (0.1ms)[0m  [1m[32mINSERT INTO "schema_migrations" ("version") VALUES (?)[0m  [["version", "20230801053131"]]
  [1m[36mTRANSACTION (4.4ms)[0m  [1m[36mcommit transaction[0m
  [1m[36mActiveRecord::InternalMetadata Load (0.1ms)[0m  [1m[34mSELECT "ar_internal_metadata".* FROM "ar_internal_metadata" WHERE "ar_internal_metadata"."key" = ? LIMIT ?[0m  [["key", "environment"], ["LIMIT", 1]]
  [1m[36mTRANSACTION (0.0ms)[0m  [1m[36mbegin transaction[0m
  [1m[36mActiveRecord::InternalMetadata Create (0.1ms)[0m  [1m[32mINSERT INTO "ar_internal_metadata" ("key", "value", "created_at", "updated_at") VALUES (?, ?, ?, ?)[0m  [["key", "environment"], ["value", "development"], ["created_at", "2023-08-01 05:32:12.050439"], ["updated_at", "2023-08-01 05:32:12.050439"]]
  [1m[36mTRANSACTION (2.6ms)[0m  [1m[36mcommit transaction[0m
  [1m[36mActiveRecord::SchemaMigration Pluck (0.1ms)[0m  [1m[34mSELECT "schema_migrations"."version" FROM "schema_migrations" ORDER BY "schema_migrations"."version" ASC[0m
  [1m[36mActiveRecord::SchemaMigration Pluck (0.1ms)[0m  [1m[34mSELECT "schema_migrations"."version" FROM "schema_migrations" ORDER BY "schema_migrations"."version" ASC[0m
Migrating to CreateRecords2 (20230801053612)
  [1m[36mTRANSACTION (0.0ms)[0m  [1m[36mbegin transaction[0m
  [1m[35m (0.2ms)[0m  [1m[35mCREATE TABLE "records2s" ("id" integer PRIMARY KEY AUTOINCREMENT NOT NULL, "created_at" datetime(6) NOT NULL, "updated_at" datetime(6) NOT NULL)[0m
  [1m[36mActiveRecord::SchemaMigration Create (0.2ms)[0m  [1m[32mINSERT INTO "schema_migrations" ("version") VALUES (?)[0m  [["version", "20230801053612"]]
  [1m[36mTRANSACTION (3.9ms)[0m  [1m[36mcommit transaction[0m
  [1m[36mActiveRecord::InternalMetadata Load (0.1ms)[0m  [1m[34mSELECT "ar_internal_metadata".* FROM "ar_internal_metadata" WHERE "ar_internal_metadata"."key" = ? LIMIT ?[0m  [["key", "environment"], ["LIMIT", 1]]
  [1m[36mActiveRecord::SchemaMigration Pluck (0.1ms)[0m  [1m[34mSELECT "schema_migrations"."version" FROM "schema_migrations" ORDER BY "schema_migrations"."version" ASC[0m
  [1m[36mActiveRecord::SchemaMigration Pluck (0.1ms)[0m  [1m[34mSELECT "schema_migrations"."version" FROM "schema_migrations" ORDER BY "schema_migrations"."version" ASC[0m
  [1m[36mActiveRecord::InternalMetadata Load (0.1ms)[0m  [1m[34mSELECT "ar_internal_metadata".* FROM "ar_internal_metadata" WHERE "ar_internal_metadata"."key" = ? LIMIT ?[0m  [["key", "environment"], ["LIMIT", 1]]
  [1m[36mActiveRecord::SchemaMigration Pluck (0.1ms)[0m  [1m[34mSELECT "schema_migrations"."version" FROM "schema_migrations" ORDER BY "schema_migrations"."version" ASC[0m
  [1m[36mActiveRecord::SchemaMigration Pluck (0.1ms)[0m  [1m[34mSELECT "schema_migrations"."version" FROM "schema_migrations" ORDER BY "schema_migrations"."version" ASC[0m
Migrating to CreateRecords2 (20230801053837)
  [1m[36mTRANSACTION (0.0ms)[0m  [1m[36mbegin transaction[0m
  [1m[35m (0.3ms)[0m  [1m[35mALTER TABLE "records" ADD "description" text[0m
  [1m[35m (0.2ms)[0m  [1m[35mCREATE TABLE "records2s" ("id" integer PRIMARY KEY AUTOINCREMENT NOT NULL)[0m
  [1m[36mTRANSACTION (0.1ms)[0m  [1m[31mrollback transaction[0m
  [1m[36mActiveRecord::SchemaMigration Pluck (0.1ms)[0m  [1m[34mSELECT "schema_migrations"."version" FROM "schema_migrations" ORDER BY "schema_migrations"."version" ASC[0m
Migrating to AddColumn (20230801054020)
  [1m[36mActiveRecord::SchemaMigration Pluck (0.1ms)[0m  [1m[34mSELECT "schema_migrations"."version" FROM "schema_migrations" ORDER BY "schema_migrations"."version" ASC[0m
Migrating to AddColumn (20230801054020)
  [1m[36mActiveRecord::SchemaMigration Pluck (0.1ms)[0m  [1m[34mSELECT "schema_migrations"."version" FROM "schema_migrations" ORDER BY "schema_migrations"."version" ASC[0m
Migrating to AddColumn (20230801054020)
  [1m[36mActiveRecord::SchemaMigration Pluck (0.1ms)[0m  [1m[34mSELECT "schema_migrations"."version" FROM "schema_migrations" ORDER BY "schema_migrations"."version" ASC[0m
Migrating to AddColumn (20230801054020)
  [1m[36mTRANSACTION (0.0ms)[0m  [1m[36mbegin transaction[0m
  [1m[35m (0.3ms)[0m  [1m[35mALTER TABLE "records" ADD "description" text[0m
  [1m[36mActiveRecord::SchemaMigration Create (0.2ms)[0m  [1m[32mINSERT INTO "schema_migrations" ("version") VALUES (?)[0m  [["version", "20230801054020"]]
  [1m[36mTRANSACTION (2.8ms)[0m  [1m[36mcommit transaction[0m
  [1m[36mActiveRecord::InternalMetadata Load (0.2ms)[0m  [1m[34mSELECT "ar_internal_metadata".* FROM "ar_internal_metadata" WHERE "ar_internal_metadata"."key" = ? LIMIT ?[0m  [["key", "environment"], ["LIMIT", 1]]
  [1m[36mActiveRecord::SchemaMigration Pluck (0.1ms)[0m  [1m[34mSELECT "schema_migrations"."version" FROM "schema_migrations" ORDER BY "schema_migrations"."version" ASC[0m
  [1m[36mRecords Load (0.1ms)[0m  [1m[34mSELECT "records".* FROM "records"[0m
  [1m[36mTRANSACTION (0.0ms)[0m  [1m[36mbegin transaction[0m
  [1m[36mRecords Create (0.2ms)[0m  [1m[32mINSERT INTO "records" ("title", "created_at", "updated_at", "description") VALUES (?, ?, ?, ?)[0m  [["title", "first record"], ["created_at", "2023-08-01 05:50:21.204195"], ["updated_at", "2023-08-01 05:50:21.204195"], ["description", "hi there first record"]]
  [1m[36mTRANSACTION (3.6ms)[0m  [1m[36mcommit transaction[0m
  [1m[36mTRANSACTION (0.1ms)[0m  [1m[36mbegin transaction[0m
  [1m[36mRecords Create (0.3ms)[0m  [1m[32mINSERT INTO "records" ("title", "created_at", "updated_at", "description") VALUES (?, ?, ?, ?)[0m  [["title", "second record"], ["created_at", "2023-08-01 05:52:35.984989"], ["updated_at", "2023-08-01 05:52:35.984989"], ["description", "hi there second record"]]
  [1m[36mTRANSACTION (2.8ms)[0m  [1m[36mcommit transaction[0m
  [1m[36mRecords Load (0.1ms)[0m  [1m[34mSELECT "records".* FROM "records"[0m
  [1m[36mTRANSACTION (0.1ms)[0m  [1m[36mbegin transaction[0m
  [1m[36mRecords Update (0.3ms)[0m  [1m[33mUPDATE "records" SET "created_at" = ?, "updated_at" = ? WHERE "records"."id" = ?[0m  [["created_at", "-4712-01-01 00:00:00"], ["updated_at", "2023-08-01 05:56:54.508214"], ["id", 2]]
  [1m[36mTRANSACTION (3.0ms)[0m  [1m[36mcommit transaction[0m
  [1m[36mRecords Load (0.1ms)[0m  [1m[34mSELECT "records".* FROM "records"[0m
  [1m[36mRecords Load (0.1ms)[0m  [1m[34mSELECT "records".* FROM "records"[0m
  [1m[36mTRANSACTION (0.0ms)[0m  [1m[36mbegin transaction[0m
  [1m[36mRecords Create (0.2ms)[0m  [1m[32mINSERT INTO "records" ("title", "created_at", "updated_at", "description") VALUES (?, ?, ?, ?)[0m  [["title", "kjji"], ["created_at", "2023-08-01 06:08:43.082056"], ["updated_at", "2023-08-01 06:08:43.082056"], ["description", "husrhf"]]
  [1m[36mTRANSACTION (2.8ms)[0m  [1m[36mcommit transaction[0m
  [1m[36mRecords Load (0.2ms)[0m  [1m[34mSELECT "records".* FROM "records"[0m
  [1m[36mTRANSACTION (0.1ms)[0m  [1m[36mbegin transaction[0m
  [1m[36mRecords Create (0.3ms)[0m  [1m[32mINSERT INTO "records" ("title", "created_at", "updated_at", "description") VALUES (?, ?, ?, ?)[0m  [["title", "jj"], ["created_at", "2023-08-01 06:10:48.025921"], ["updated_at", "2023-08-01 06:10:48.025921"], ["description", "ndgrfgf"]]
  [1m[36mTRANSACTION (2.9ms)[0m  [1m[36mcommit transaction[0m
  [1m[36mRecords Load (0.1ms)[0m  [1m[34mSELECT "records".* FROM "records"[0m
Started GET "/records" for ::1 at 2023-08-01 12:05:21 +0530
  [1m[36mActiveRecord::SchemaMigration Pluck (0.1ms)[0m  [1m[34mSELECT "schema_migrations"."version" FROM "schema_migrations" ORDER BY "schema_migrations"."version" ASC[0m
  
ActionController::RoutingError (uninitialized constant RecordsController):
  
Started GET "/records" for ::1 at 2023-08-01 12:05:34 +0530
  
ActionController::RoutingError (uninitialized constant RecordsController):
  
Started GET "/records/1" for ::1 at 2023-08-01 12:05:39 +0530
  
ActionController::RoutingError (uninitialized constant RecordsController):
  
Started GET "/records/1" for ::1 at 2023-08-01 12:43:50 +0530
  [1m[36mActiveRecord::SchemaMigration Pluck (0.1ms)[0m  [1m[34mSELECT "schema_migrations"."version" FROM "schema_migrations" ORDER BY "schema_migrations"."version" ASC[0m
  
Zeitwerk::NameError (expected file /home/rosharma/Documents/rails/rohitji/app/controllers/concerns/records_controller.rb to define constant RecordsController, but didn't):
  
zeitwerk (2.6.9) lib/zeitwerk/loader/callbacks.rb:25:in `on_file_autoloaded'
zeitwerk (2.6.9) lib/zeitwerk/kernel.rb:31:in `require'
activesupport (7.0.6) lib/active_support/inflector/methods.rb:278:in `const_get'
activesupport (7.0.6) lib/active_support/inflector/methods.rb:278:in `constantize'
activesupport (7.0.6) lib/active_support/core_ext/string/inflections.rb:74:in `constantize'
actionpack (7.0.6) lib/action_dispatch/http/request.rb:90:in `controller_class_for'
actionpack (7.0.6) lib/action_dispatch/request/utils.rb:95:in `action_encoding_template'
actionpack (7.0.6) lib/action_dispatch/request/utils.rb:83:in `encode'
actionpack (7.0.6) lib/action_dispatch/request/utils.rb:45:in `set_binary_encoding'
actionpack (7.0.6) lib/action_dispatch/http/parameters.rb:68:in `path_parameters='
actionpack (7.0.6) lib/action_dispatch/journey/router.rb:48:in `block in serve'
actionpack (7.0.6) lib/action_dispatch/journey/router.rb:32:in `each'
actionpack (7.0.6) lib/action_dispatch/journey/router.rb:32:in `serve'
actionpack (7.0.6) lib/action_dispatch/routing/route_set.rb:852:in `call'
rack (2.2.7) lib/rack/tempfile_reaper.rb:15:in `call'
rack (2.2.7) lib/rack/etag.rb:27:in `call'
rack (2.2.7) lib/rack/conditional_get.rb:27:in `call'
rack (2.2.7) lib/rack/head.rb:12:in `call'
actionpack (7.0.6) lib/action_dispatch/http/permissions_policy.rb:38:in `call'
actionpack (7.0.6) lib/action_dispatch/http/content_security_policy.rb:36:in `call'
rack (2.2.7) lib/rack/session/abstract/id.rb:266:in `context'
rack (2.2.7) lib/rack/session/abstract/id.rb:260:in `call'
actionpack (7.0.6) lib/action_dispatch/middleware/cookies.rb:704:in `call'
activerecord (7.0.6) lib/active_record/migration.rb:603:in `call'
actionpack (7.0.6) lib/action_dispatch/middleware/callbacks.rb:27:in `block in call'
activesupport (7.0.6) lib/active_support/callbacks.rb:99:in `run_callbacks'
actionpack (7.0.6) lib/action_dispatch/middleware/callbacks.rb:26:in `call'
actionpack (7.0.6) lib/action_dispatch/middleware/executor.rb:14:in `call'
actionpack (7.0.6) lib/action_dispatch/middleware/actionable_exceptions.rb:17:in `call'
actionpack (7.0.6) lib/action_dispatch/middleware/debug_exceptions.rb:28:in `call'
web-console (4.2.0) lib/web_console/middleware.rb:132:in `call_app'
web-console (4.2.0) lib/web_console/middleware.rb:28:in `block in call'
web-console (4.2.0) lib/web_console/middleware.rb:17:in `catch'
web-console (4.2.0) lib/web_console/middleware.rb:17:in `call'
actionpack (7.0.6) lib/action_dispatch/middleware/show_exceptions.rb:29:in `call'
railties (7.0.6) lib/rails/rack/logger.rb:40:in `call_app'
railties (7.0.6) lib/rails/rack/logger.rb:25:in `block in call'
activesupport (7.0.6) lib/active_support/tagged_logging.rb:99:in `block in tagged'
activesupport (7.0.6) lib/active_support/tagged_logging.rb:37:in `tagged'
activesupport (7.0.6) lib/active_support/tagged_logging.rb:99:in `tagged'
railties (7.0.6) lib/rails/rack/logger.rb:25:in `call'
sprockets-rails (3.4.2) lib/sprockets/rails/quiet_assets.rb:13:in `call'
actionpack (7.0.6) lib/action_dispatch/middleware/remote_ip.rb:93:in `call'
actionpack (7.0.6) lib/action_dispatch/middleware/request_id.rb:26:in `call'
rack (2.2.7) lib/rack/method_override.rb:24:in `call'
rack (2.2.7) lib/rack/runtime.rb:22:in `call'
activesupport (7.0.6) lib/active_support/cache/strategy/local_cache_middleware.rb:29:in `call'
actionpack (7.0.6) lib/action_dispatch/middleware/server_timing.rb:61:in `block in call'
actionpack (7.0.6) lib/action_dispatch/middleware/server_timing.rb:26:in `collect_events'
actionpack (7.0.6) lib/action_dispatch/middleware/server_timing.rb:60:in `call'
actionpack (7.0.6) lib/action_dispatch/middleware/executor.rb:14:in `call'
actionpack (7.0.6) lib/action_dispatch/middleware/static.rb:23:in `call'
rack (2.2.7) lib/rack/sendfile.rb:110:in `call'
actionpack (7.0.6) lib/action_dispatch/middleware/host_authorization.rb:137:in `call'
railties (7.0.6) lib/rails/engine.rb:530:in `call'
puma (5.6.6) lib/puma/configuration.rb:252:in `call'
puma (5.6.6) lib/puma/request.rb:77:in `block in handle_request'
puma (5.6.6) lib/puma/thread_pool.rb:340:in `with_force_shutdown'
puma (5.6.6) lib/puma/request.rb:76:in `handle_request'
puma (5.6.6) lib/puma/server.rb:443:in `process_client'
puma (5.6.6) lib/puma/thread_pool.rb:147:in `block in spawn_thread'
Started GET "/records" for ::1 at 2023-08-01 12:43:57 +0530
  
ActionController::RoutingError (uninitialized constant RecordsController):
  
Started GET "/records" for ::1 at 2023-08-01 12:44:41 +0530
  
AbstractController::ActionNotFound (The action 'index' could not be found for RecordsController):
  
actionpack (7.0.6) lib/abstract_controller/base.rb:146:in `process'
actionview (7.0.6) lib/action_view/rendering.rb:39:in `process'
actionpack (7.0.6) lib/action_controller/metal.rb:188:in `dispatch'
actionpack (7.0.6) lib/action_controller/metal.rb:251:in `dispatch'
actionpack (7.0.6) lib/action_dispatch/routing/route_set.rb:49:in `dispatch'
actionpack (7.0.6) lib/action_dispatch/routing/route_set.rb:32:in `serve'
actionpack (7.0.6) lib/action_dispatch/journey/router.rb:50:in `block in serve'
actionpack (7.0.6) lib/action_dispatch/journey/router.rb:32:in `each'
actionpack (7.0.6) lib/action_dispatch/journey/router.rb:32:in `serve'
actionpack (7.0.6) lib/action_dispatch/routing/route_set.rb:852:in `call'
rack (2.2.7) lib/rack/tempfile_reaper.rb:15:in `call'
rack (2.2.7) lib/rack/etag.rb:27:in `call'
rack (2.2.7) lib/rack/conditional_get.rb:27:in `call'
rack (2.2.7) lib/rack/head.rb:12:in `call'
actionpack (7.0.6) lib/action_dispatch/http/permissions_policy.rb:38:in `call'
actionpack (7.0.6) lib/action_dispatch/http/content_security_policy.rb:36:in `call'
rack (2.2.7) lib/rack/session/abstract/id.rb:266:in `context'
rack (2.2.7) lib/rack/session/abstract/id.rb:260:in `call'
actionpack (7.0.6) lib/action_dispatch/middleware/cookies.rb:704:in `call'
activerecord (7.0.6) lib/active_record/migration.rb:603:in `call'
actionpack (7.0.6) lib/action_dispatch/middleware/callbacks.rb:27:in `block in call'
activesupport (7.0.6) lib/active_support/callbacks.rb:99:in `run_callbacks'
actionpack (7.0.6) lib/action_dispatch/middleware/callbacks.rb:26:in `call'
actionpack (7.0.6) lib/action_dispatch/middleware/executor.rb:14:in `call'
actionpack (7.0.6) lib/action_dispatch/middleware/actionable_exceptions.rb:17:in `call'
actionpack (7.0.6) lib/action_dispatch/middleware/debug_exceptions.rb:28:in `call'
web-console (4.2.0) lib/web_console/middleware.rb:132:in `call_app'
web-console (4.2.0) lib/web_console/middleware.rb:28:in `block in call'
web-console (4.2.0) lib/web_console/middleware.rb:17:in `catch'
web-console (4.2.0) lib/web_console/middleware.rb:17:in `call'
actionpack (7.0.6) lib/action_dispatch/middleware/show_exceptions.rb:29:in `call'
railties (7.0.6) lib/rails/rack/logger.rb:40:in `call_app'
railties (7.0.6) lib/rails/rack/logger.rb:25:in `block in call'
activesupport (7.0.6) lib/active_support/tagged_logging.rb:99:in `block in tagged'
activesupport (7.0.6) lib/active_support/tagged_logging.rb:37:in `tagged'
activesupport (7.0.6) lib/active_support/tagged_logging.rb:99:in `tagged'
railties (7.0.6) lib/rails/rack/logger.rb:25:in `call'
sprockets-rails (3.4.2) lib/sprockets/rails/quiet_assets.rb:13:in `call'
actionpack (7.0.6) lib/action_dispatch/middleware/remote_ip.rb:93:in `call'
actionpack (7.0.6) lib/action_dispatch/middleware/request_id.rb:26:in `call'
rack (2.2.7) lib/rack/method_override.rb:24:in `call'
rack (2.2.7) lib/rack/runtime.rb:22:in `call'
activesupport (7.0.6) lib/active_support/cache/strategy/local_cache_middleware.rb:29:in `call'
actionpack (7.0.6) lib/action_dispatch/middleware/server_timing.rb:61:in `block in call'
actionpack (7.0.6) lib/action_dispatch/middleware/server_timing.rb:26:in `collect_events'
actionpack (7.0.6) lib/action_dispatch/middleware/server_timing.rb:60:in `call'
actionpack (7.0.6) lib/action_dispatch/middleware/executor.rb:14:in `call'
actionpack (7.0.6) lib/action_dispatch/middleware/static.rb:23:in `call'
rack (2.2.7) lib/rack/sendfile.rb:110:in `call'
actionpack (7.0.6) lib/action_dispatch/middleware/host_authorization.rb:137:in `call'
railties (7.0.6) lib/rails/engine.rb:530:in `call'
puma (5.6.6) lib/puma/configuration.rb:252:in `call'
puma (5.6.6) lib/puma/request.rb:77:in `block in handle_request'
puma (5.6.6) lib/puma/thread_pool.rb:340:in `with_force_shutdown'
puma (5.6.6) lib/puma/request.rb:76:in `handle_request'
puma (5.6.6) lib/puma/server.rb:443:in `process_client'
puma (5.6.6) lib/puma/thread_pool.rb:147:in `block in spawn_thread'
Started GET "/records" for ::1 at 2023-08-01 12:52:42 +0530
Processing by RecordsController#index as HTML
Completed 406 Not Acceptable in 4ms (Allocations: 3380)


  
ActionController::MissingExactTemplate (RecordsController#index is missing a template for request formats: text/html):
  
actionpack (7.0.6) lib/action_controller/metal/implicit_render.rb:45:in `default_render'
actionpack (7.0.6) lib/action_controller/metal/basic_implicit_render.rb:7:in `send_action'
actionpack (7.0.6) lib/abstract_controller/base.rb:215:in `process_action'
actionpack (7.0.6) lib/action_controller/metal/rendering.rb:165:in `process_action'
actionpack (7.0.6) lib/abstract_controller/callbacks.rb:234:in `block in process_action'
activesupport (7.0.6) lib/active_support/callbacks.rb:118:in `block in run_callbacks'
actiontext (7.0.6) lib/action_text/rendering.rb:20:in `with_renderer'
actiontext (7.0.6) lib/action_text/engine.rb:69:in `block (4 levels) in <class:Engine>'
activesupport (7.0.6) lib/active_support/callbacks.rb:127:in `instance_exec'
activesupport (7.0.6) lib/active_support/callbacks.rb:127:in `block in run_callbacks'
activesupport (7.0.6) lib/active_support/callbacks.rb:138:in `run_callbacks'
actionpack (7.0.6) lib/abstract_controller/callbacks.rb:233:in `process_action'
actionpack (7.0.6) lib/action_controller/metal/rescue.rb:23:in `process_action'
actionpack (7.0.6) lib/action_controller/metal/instrumentation.rb:67:in `block in process_action'
activesupport (7.0.6) lib/active_support/notifications.rb:206:in `block in instrument'
activesupport (7.0.6) lib/active_support/notifications/instrumenter.rb:24:in `instrument'
activesupport (7.0.6) lib/active_support/notifications.rb:206:in `instrument'
actionpack (7.0.6) lib/action_controller/metal/instrumentation.rb:66:in `process_action'
actionpack (7.0.6) lib/action_controller/metal/params_wrapper.rb:259:in `process_action'
activerecord (7.0.6) lib/active_record/railties/controller_runtime.rb:27:in `process_action'
actionpack (7.0.6) lib/abstract_controller/base.rb:151:in `process'
actionview (7.0.6) lib/action_view/rendering.rb:39:in `process'
actionpack (7.0.6) lib/action_controller/metal.rb:188:in `dispatch'
actionpack (7.0.6) lib/action_controller/metal.rb:251:in `dispatch'
actionpack (7.0.6) lib/action_dispatch/routing/route_set.rb:49:in `dispatch'
actionpack (7.0.6) lib/action_dispatch/routing/route_set.rb:32:in `serve'
actionpack (7.0.6) lib/action_dispatch/journey/router.rb:50:in `block in serve'
actionpack (7.0.6) lib/action_dispatch/journey/router.rb:32:in `each'
actionpack (7.0.6) lib/action_dispatch/journey/router.rb:32:in `serve'
actionpack (7.0.6) lib/action_dispatch/routing/route_set.rb:852:in `call'
rack (2.2.7) lib/rack/tempfile_reaper.rb:15:in `call'
rack (2.2.7) lib/rack/etag.rb:27:in `call'
rack (2.2.7) lib/rack/conditional_get.rb:27:in `call'
rack (2.2.7) lib/rack/head.rb:12:in `call'
actionpack (7.0.6) lib/action_dispatch/http/permissions_policy.rb:38:in `call'
actionpack (7.0.6) lib/action_dispatch/http/content_security_policy.rb:36:in `call'
rack (2.2.7) lib/rack/session/abstract/id.rb:266:in `context'
rack (2.2.7) lib/rack/session/abstract/id.rb:260:in `call'
actionpack (7.0.6) lib/action_dispatch/middleware/cookies.rb:704:in `call'
activerecord (7.0.6) lib/active_record/migration.rb:603:in `call'
actionpack (7.0.6) lib/action_dispatch/middleware/callbacks.rb:27:in `block in call'
activesupport (7.0.6) lib/active_support/callbacks.rb:99:in `run_callbacks'
actionpack (7.0.6) lib/action_dispatch/middleware/callbacks.rb:26:in `call'
actionpack (7.0.6) lib/action_dispatch/middleware/executor.rb:14:in `call'
actionpack (7.0.6) lib/action_dispatch/middleware/actionable_exceptions.rb:17:in `call'
actionpack (7.0.6) lib/action_dispatch/middleware/debug_exceptions.rb:28:in `call'
web-console (4.2.0) lib/web_console/middleware.rb:132:in `call_app'
web-console (4.2.0) lib/web_console/middleware.rb:28:in `block in call'
web-console (4.2.0) lib/web_console/middleware.rb:17:in `catch'
web-console (4.2.0) lib/web_console/middleware.rb:17:in `call'
actionpack (7.0.6) lib/action_dispatch/middleware/show_exceptions.rb:29:in `call'
railties (7.0.6) lib/rails/rack/logger.rb:40:in `call_app'
railties (7.0.6) lib/rails/rack/logger.rb:25:in `block in call'
activesupport (7.0.6) lib/active_support/tagged_logging.rb:99:in `block in tagged'
activesupport (7.0.6) lib/active_support/tagged_logging.rb:37:in `tagged'
activesupport (7.0.6) lib/active_support/tagged_logging.rb:99:in `tagged'
railties (7.0.6) lib/rails/rack/logger.rb:25:in `call'
sprockets-rails (3.4.2) lib/sprockets/rails/quiet_assets.rb:13:in `call'
actionpack (7.0.6) lib/action_dispatch/middleware/remote_ip.rb:93:in `call'
actionpack (7.0.6) lib/action_dispatch/middleware/request_id.rb:26:in `call'
rack (2.2.7) lib/rack/method_override.rb:24:in `call'
rack (2.2.7) lib/rack/runtime.rb:22:in `call'
activesupport (7.0.6) lib/active_support/cache/strategy/local_cache_middleware.rb:29:in `call'
actionpack (7.0.6) lib/action_dispatch/middleware/server_timing.rb:61:in `block in call'
actionpack (7.0.6) lib/action_dispatch/middleware/server_timing.rb:26:in `collect_events'
actionpack (7.0.6) lib/action_dispatch/middleware/server_timing.rb:60:in `call'
actionpack (7.0.6) lib/action_dispatch/middleware/executor.rb:14:in `call'
actionpack (7.0.6) lib/action_dispatch/middleware/static.rb:23:in `call'
rack (2.2.7) lib/rack/sendfile.rb:110:in `call'
actionpack (7.0.6) lib/action_dispatch/middleware/host_authorization.rb:137:in `call'
railties (7.0.6) lib/rails/engine.rb:530:in `call'
puma (5.6.6) lib/puma/configuration.rb:252:in `call'
puma (5.6.6) lib/puma/request.rb:77:in `block in handle_request'
puma (5.6.6) lib/puma/thread_pool.rb:340:in `with_force_shutdown'
puma (5.6.6) lib/puma/request.rb:76:in `handle_request'
puma (5.6.6) lib/puma/server.rb:443:in `process_client'
puma (5.6.6) lib/puma/thread_pool.rb:147:in `block in spawn_thread'
Started GET "/" for 127.0.0.1 at 2023-08-01 15:40:12 +0530
  [1m[36mActiveRecord::SchemaMigration Pluck (0.1ms)[0m  [1m[34mSELECT "schema_migrations"."version" FROM "schema_migrations" ORDER BY "schema_migrations"."version" ASC[0m
Processing by PagesController#home as HTML
  Rendering layout layouts/application.html.erb
  Rendering pages/home.html.erb within layouts/application
  Rendered pages/home.html.erb within layouts/application (Duration: 1.0ms | Allocations: 450)
  Rendered layout layouts/application.html.erb (Duration: 41.9ms | Allocations: 35430)
Completed 200 OK in 50ms (Views: 44.1ms | ActiveRecord: 0.0ms | Allocations: 42581)


Started GET "/" for 127.0.0.1 at 2023-08-01 15:40:13 +0530
Processing by PagesController#home as HTML
  Rendering layout layouts/application.html.erb
  Rendering pages/home.html.erb within layouts/application
  Rendered pages/home.html.erb within layouts/application (Duration: 0.0ms | Allocations: 9)
  Rendered layout layouts/application.html.erb (Duration: 4.5ms | Allocations: 2492)
Completed 200 OK in 6ms (Views: 5.2ms | ActiveRecord: 0.0ms | Allocations: 2873)


Started GET "/records" for 127.0.0.1 at 2023-08-01 15:41:23 +0530
Processing by RecordsController#index as HTML
  Rendering layout layouts/application.html.erb
  Rendering records/index.html.erb within layouts/application
  Rendered records/index.html.erb within layouts/application (Duration: 0.3ms | Allocations: 134)
  Rendered layout layouts/application.html.erb (Duration: 3.1ms | Allocations: 2784)
Completed 200 OK in 4ms (Views: 3.9ms | ActiveRecord: 0.0ms | Allocations: 3794)


Started GET "/" for ::1 at 2023-08-08 17:08:08 +0530
  [1m[36mActiveRecord::SchemaMigration Pluck (0.1ms)[0m  [1m[34mSELECT "schema_migrations"."version" FROM "schema_migrations" ORDER BY "schema_migrations"."version" ASC[0m
Processing by PagesController#home as HTML
  Rendering layout layouts/application.html.erb
  Rendering pages/home.html.erb within layouts/application
  Rendered pages/home.html.erb within layouts/application (Duration: 0.7ms | Allocations: 451)
  Rendered layout layouts/application.html.erb (Duration: 53.4ms | Allocations: 35751)
Completed 200 OK in 62ms (Views: 55.4ms | ActiveRecord: 0.0ms | Allocations: 42901)


Started GET "/" for ::1 at 2023-08-08 17:08:13 +0530
Processing by PagesController#home as HTML
  Rendering layout layouts/application.html.erb
  Rendering pages/home.html.erb within layouts/application
  Rendered pages/home.html.erb within layouts/application (Duration: 0.0ms | Allocations: 9)
  Rendered layout layouts/application.html.erb (Duration: 3.6ms | Allocations: 2518)
Completed 200 OK in 5ms (Views: 4.4ms | ActiveRecord: 0.0ms | Allocations: 2897)


Started GET "/" for ::1 at 2023-08-08 17:08:14 +0530
Processing by PagesController#home as HTML
  Rendering layout layouts/application.html.erb
  Rendering pages/home.html.erb within layouts/application
  Rendered pages/home.html.erb within layouts/application (Duration: 0.0ms | Allocations: 7)
  Rendered layout layouts/application.html.erb (Duration: 3.2ms | Allocations: 2398)
Completed 200 OK in 4ms (Views: 3.8ms | ActiveRecord: 0.0ms | Allocations: 2716)


Started GET "/" for ::1 at 2023-08-08 17:08:15 +0530
Processing by PagesController#home as HTML
  Rendering layout layouts/application.html.erb
  Rendering pages/home.html.erb within layouts/application
  Rendered pages/home.html.erb within layouts/application (Duration: 0.0ms | Allocations: 7)
  Rendered layout layouts/application.html.erb (Duration: 2.5ms | Allocations: 2387)
Completed 200 OK in 4ms (Views: 2.9ms | ActiveRecord: 0.0ms | Allocations: 2701)


Started GET "/" for ::1 at 2023-08-08 17:08:15 +0530
Processing by PagesController#home as HTML
  Rendering layout layouts/application.html.erb
  Rendering pages/home.html.erb within layouts/application
  Rendered pages/home.html.erb within layouts/application (Duration: 0.0ms | Allocations: 7)
  Rendered layout layouts/application.html.erb (Duration: 2.2ms | Allocations: 2403)
Completed 200 OK in 3ms (Views: 2.7ms | ActiveRecord: 0.0ms | Allocations: 2717)


