Started GET "/" for ::1 at 2023-08-21 16:02:44 +0530
Processing by Rails::WelcomeController#index as HTML
  Rendering /var/lib/gems/3.0.0/gems/railties-7.0.7/lib/rails/templates/rails/welcome/index.html.erb
  Rendered /var/lib/gems/3.0.0/gems/railties-7.0.7/lib/rails/templates/rails/welcome/index.html.erb (Duration: 1.3ms | Allocations: 931)
Completed 200 OK in 393ms (Views: 4.3ms | ActiveRecord: 0.0ms | MongoDB: 0.0ms | Allocations: 13577)


Started GET "/todo" for ::1 at 2023-08-21 16:02:49 +0530
  
ActionController::RoutingError (No route matches [GET] "/todo"):
  
Started GET "/todos" for ::1 at 2023-08-21 16:02:58 +0530
  
ActionController::RoutingError (No route matches [GET] "/todos"):
  
Started GET "/todos" for ::1 at 2023-08-21 16:03:23 +0530
  
ActionController::RoutingError (uninitialized constant TodosController
Did you mean?  TodoController):
  
Started GET "/todo" for ::1 at 2023-08-21 16:03:30 +0530
  
ActionController::RoutingError (No route matches [GET] "/todo"):
  
Started GET "/todos" for ::1 at 2023-08-21 16:03:49 +0530
Processing by TodosController#index as HTML
Completed 406 Not Acceptable in 1ms (ActiveRecord: 0.0ms | MongoDB: 0.0ms | Allocations: 854)


  
ActionController::MissingExactTemplate (TodosController#index is missing a template for request formats: text/html):
  
actionpack (7.0.7) lib/action_controller/metal/implicit_render.rb:45:in `default_render'
actionpack (7.0.7) lib/action_controller/metal/basic_implicit_render.rb:7:in `send_action'
actionpack (7.0.7) lib/abstract_controller/base.rb:215:in `process_action'
actionpack (7.0.7) lib/action_controller/metal/rendering.rb:165:in `process_action'
actionpack (7.0.7) lib/abstract_controller/callbacks.rb:234:in `block in process_action'
activesupport (7.0.7) lib/active_support/callbacks.rb:118:in `block in run_callbacks'
actiontext (7.0.7) lib/action_text/rendering.rb:20:in `with_renderer'
actiontext (7.0.7) lib/action_text/engine.rb:69:in `block (4 levels) in <class:Engine>'
activesupport (7.0.7) lib/active_support/callbacks.rb:127:in `instance_exec'
activesupport (7.0.7) lib/active_support/callbacks.rb:127:in `block in run_callbacks'
activesupport (7.0.7) lib/active_support/callbacks.rb:138:in `run_callbacks'
actionpack (7.0.7) lib/abstract_controller/callbacks.rb:233:in `process_action'
actionpack (7.0.7) lib/action_controller/metal/rescue.rb:23:in `process_action'
actionpack (7.0.7) lib/action_controller/metal/instrumentation.rb:67:in `block in process_action'
activesupport (7.0.7) lib/active_support/notifications.rb:206:in `block in instrument'
activesupport (7.0.7) lib/active_support/notifications/instrumenter.rb:24:in `instrument'
activesupport (7.0.7) lib/active_support/notifications.rb:206:in `instrument'
actionpack (7.0.7) lib/action_controller/metal/instrumentation.rb:66:in `process_action'
actionpack (7.0.7) lib/action_controller/metal/params_wrapper.rb:259:in `process_action'
activerecord (7.0.7) lib/active_record/railties/controller_runtime.rb:27:in `process_action'
mongoid (8.1.1) lib/mongoid/railties/controller_runtime.rb:21:in `process_action'
actionpack (7.0.7) lib/abstract_controller/base.rb:151:in `process'
actionview (7.0.7) lib/action_view/rendering.rb:39:in `process'
actionpack (7.0.7) lib/action_controller/metal.rb:188:in `dispatch'
actionpack (7.0.7) lib/action_controller/metal.rb:251:in `dispatch'
actionpack (7.0.7) lib/action_dispatch/routing/route_set.rb:49:in `dispatch'
actionpack (7.0.7) lib/action_dispatch/routing/route_set.rb:32:in `serve'
actionpack (7.0.7) lib/action_dispatch/journey/router.rb:50:in `block in serve'
actionpack (7.0.7) lib/action_dispatch/journey/router.rb:32:in `each'
actionpack (7.0.7) lib/action_dispatch/journey/router.rb:32:in `serve'
actionpack (7.0.7) lib/action_dispatch/routing/route_set.rb:852:in `call'
rack (2.2.8) lib/rack/tempfile_reaper.rb:15:in `call'
rack (2.2.8) lib/rack/etag.rb:27:in `call'
rack (2.2.8) lib/rack/conditional_get.rb:27:in `call'
rack (2.2.8) lib/rack/head.rb:12:in `call'
actionpack (7.0.7) lib/action_dispatch/http/permissions_policy.rb:38:in `call'
actionpack (7.0.7) lib/action_dispatch/http/content_security_policy.rb:36:in `call'
rack (2.2.8) lib/rack/session/abstract/id.rb:266:in `context'
rack (2.2.8) lib/rack/session/abstract/id.rb:260:in `call'
actionpack (7.0.7) lib/action_dispatch/middleware/cookies.rb:704:in `call'
activerecord (7.0.7) lib/active_record/migration.rb:603:in `call'
actionpack (7.0.7) lib/action_dispatch/middleware/callbacks.rb:27:in `block in call'
activesupport (7.0.7) lib/active_support/callbacks.rb:99:in `run_callbacks'
actionpack (7.0.7) lib/action_dispatch/middleware/callbacks.rb:26:in `call'
actionpack (7.0.7) lib/action_dispatch/middleware/executor.rb:14:in `call'
actionpack (7.0.7) lib/action_dispatch/middleware/actionable_exceptions.rb:17:in `call'
actionpack (7.0.7) lib/action_dispatch/middleware/debug_exceptions.rb:28:in `call'
web-console (4.2.0) lib/web_console/middleware.rb:132:in `call_app'
web-console (4.2.0) lib/web_console/middleware.rb:28:in `block in call'
web-console (4.2.0) lib/web_console/middleware.rb:17:in `catch'
web-console (4.2.0) lib/web_console/middleware.rb:17:in `call'
actionpack (7.0.7) lib/action_dispatch/middleware/show_exceptions.rb:29:in `call'
railties (7.0.7) lib/rails/rack/logger.rb:40:in `call_app'
railties (7.0.7) lib/rails/rack/logger.rb:25:in `block in call'
activesupport (7.0.7) lib/active_support/tagged_logging.rb:99:in `block in tagged'
activesupport (7.0.7) lib/active_support/tagged_logging.rb:37:in `tagged'
activesupport (7.0.7) lib/active_support/tagged_logging.rb:99:in `tagged'
railties (7.0.7) lib/rails/rack/logger.rb:25:in `call'
sprockets-rails (3.4.2) lib/sprockets/rails/quiet_assets.rb:13:in `call'
actionpack (7.0.7) lib/action_dispatch/middleware/remote_ip.rb:93:in `call'
actionpack (7.0.7) lib/action_dispatch/middleware/request_id.rb:26:in `call'
rack (2.2.8) lib/rack/method_override.rb:24:in `call'
rack (2.2.8) lib/rack/runtime.rb:22:in `call'
activesupport (7.0.7) lib/active_support/cache/strategy/local_cache_middleware.rb:29:in `call'
actionpack (7.0.7) lib/action_dispatch/middleware/server_timing.rb:61:in `block in call'
actionpack (7.0.7) lib/action_dispatch/middleware/server_timing.rb:26:in `collect_events'
actionpack (7.0.7) lib/action_dispatch/middleware/server_timing.rb:60:in `call'
actionpack (7.0.7) lib/action_dispatch/middleware/executor.rb:14:in `call'
actionpack (7.0.7) lib/action_dispatch/middleware/static.rb:23:in `call'
rack (2.2.8) lib/rack/sendfile.rb:110:in `call'
actionpack (7.0.7) lib/action_dispatch/middleware/host_authorization.rb:137:in `call'
railties (7.0.7) lib/rails/engine.rb:530:in `call'
puma (5.6.7) lib/puma/configuration.rb:252:in `call'
puma (5.6.7) lib/puma/request.rb:77:in `block in handle_request'
puma (5.6.7) lib/puma/thread_pool.rb:340:in `with_force_shutdown'
puma (5.6.7) lib/puma/request.rb:76:in `handle_request'
puma (5.6.7) lib/puma/server.rb:443:in `process_client'
puma (5.6.7) lib/puma/thread_pool.rb:147:in `block in spawn_thread'
Started GET "/todos" for ::1 at 2023-08-21 16:04:07 +0530
Processing by TodosController#index as HTML
Completed 406 Not Acceptable in 1ms (ActiveRecord: 0.0ms | MongoDB: 0.0ms | Allocations: 801)


  
ActionController::MissingExactTemplate (TodosController#index is missing a template for request formats: text/html):
  
actionpack (7.0.7) lib/action_controller/metal/implicit_render.rb:45:in `default_render'
actionpack (7.0.7) lib/action_controller/metal/basic_implicit_render.rb:7:in `send_action'
actionpack (7.0.7) lib/abstract_controller/base.rb:215:in `process_action'
actionpack (7.0.7) lib/action_controller/metal/rendering.rb:165:in `process_action'
actionpack (7.0.7) lib/abstract_controller/callbacks.rb:234:in `block in process_action'
activesupport (7.0.7) lib/active_support/callbacks.rb:118:in `block in run_callbacks'
actiontext (7.0.7) lib/action_text/rendering.rb:20:in `with_renderer'
actiontext (7.0.7) lib/action_text/engine.rb:69:in `block (4 levels) in <class:Engine>'
activesupport (7.0.7) lib/active_support/callbacks.rb:127:in `instance_exec'
activesupport (7.0.7) lib/active_support/callbacks.rb:127:in `block in run_callbacks'
activesupport (7.0.7) lib/active_support/callbacks.rb:138:in `run_callbacks'
actionpack (7.0.7) lib/abstract_controller/callbacks.rb:233:in `process_action'
actionpack (7.0.7) lib/action_controller/metal/rescue.rb:23:in `process_action'
actionpack (7.0.7) lib/action_controller/metal/instrumentation.rb:67:in `block in process_action'
activesupport (7.0.7) lib/active_support/notifications.rb:206:in `block in instrument'
activesupport (7.0.7) lib/active_support/notifications/instrumenter.rb:24:in `instrument'
activesupport (7.0.7) lib/active_support/notifications.rb:206:in `instrument'
actionpack (7.0.7) lib/action_controller/metal/instrumentation.rb:66:in `process_action'
actionpack (7.0.7) lib/action_controller/metal/params_wrapper.rb:259:in `process_action'
activerecord (7.0.7) lib/active_record/railties/controller_runtime.rb:27:in `process_action'
mongoid (8.1.1) lib/mongoid/railties/controller_runtime.rb:21:in `process_action'
actionpack (7.0.7) lib/abstract_controller/base.rb:151:in `process'
actionview (7.0.7) lib/action_view/rendering.rb:39:in `process'
actionpack (7.0.7) lib/action_controller/metal.rb:188:in `dispatch'
actionpack (7.0.7) lib/action_controller/metal.rb:251:in `dispatch'
actionpack (7.0.7) lib/action_dispatch/routing/route_set.rb:49:in `dispatch'
actionpack (7.0.7) lib/action_dispatch/routing/route_set.rb:32:in `serve'
actionpack (7.0.7) lib/action_dispatch/journey/router.rb:50:in `block in serve'
actionpack (7.0.7) lib/action_dispatch/journey/router.rb:32:in `each'
actionpack (7.0.7) lib/action_dispatch/journey/router.rb:32:in `serve'
actionpack (7.0.7) lib/action_dispatch/routing/route_set.rb:852:in `call'
rack (2.2.8) lib/rack/tempfile_reaper.rb:15:in `call'
rack (2.2.8) lib/rack/etag.rb:27:in `call'
rack (2.2.8) lib/rack/conditional_get.rb:27:in `call'
rack (2.2.8) lib/rack/head.rb:12:in `call'
actionpack (7.0.7) lib/action_dispatch/http/permissions_policy.rb:38:in `call'
actionpack (7.0.7) lib/action_dispatch/http/content_security_policy.rb:36:in `call'
rack (2.2.8) lib/rack/session/abstract/id.rb:266:in `context'
rack (2.2.8) lib/rack/session/abstract/id.rb:260:in `call'
actionpack (7.0.7) lib/action_dispatch/middleware/cookies.rb:704:in `call'
activerecord (7.0.7) lib/active_record/migration.rb:603:in `call'
actionpack (7.0.7) lib/action_dispatch/middleware/callbacks.rb:27:in `block in call'
activesupport (7.0.7) lib/active_support/callbacks.rb:99:in `run_callbacks'
actionpack (7.0.7) lib/action_dispatch/middleware/callbacks.rb:26:in `call'
actionpack (7.0.7) lib/action_dispatch/middleware/executor.rb:14:in `call'
actionpack (7.0.7) lib/action_dispatch/middleware/actionable_exceptions.rb:17:in `call'
actionpack (7.0.7) lib/action_dispatch/middleware/debug_exceptions.rb:28:in `call'
web-console (4.2.0) lib/web_console/middleware.rb:132:in `call_app'
web-console (4.2.0) lib/web_console/middleware.rb:28:in `block in call'
web-console (4.2.0) lib/web_console/middleware.rb:17:in `catch'
web-console (4.2.0) lib/web_console/middleware.rb:17:in `call'
actionpack (7.0.7) lib/action_dispatch/middleware/show_exceptions.rb:29:in `call'
railties (7.0.7) lib/rails/rack/logger.rb:40:in `call_app'
railties (7.0.7) lib/rails/rack/logger.rb:25:in `block in call'
activesupport (7.0.7) lib/active_support/tagged_logging.rb:99:in `block in tagged'
activesupport (7.0.7) lib/active_support/tagged_logging.rb:37:in `tagged'
activesupport (7.0.7) lib/active_support/tagged_logging.rb:99:in `tagged'
railties (7.0.7) lib/rails/rack/logger.rb:25:in `call'
sprockets-rails (3.4.2) lib/sprockets/rails/quiet_assets.rb:13:in `call'
actionpack (7.0.7) lib/action_dispatch/middleware/remote_ip.rb:93:in `call'
actionpack (7.0.7) lib/action_dispatch/middleware/request_id.rb:26:in `call'
rack (2.2.8) lib/rack/method_override.rb:24:in `call'
rack (2.2.8) lib/rack/runtime.rb:22:in `call'
activesupport (7.0.7) lib/active_support/cache/strategy/local_cache_middleware.rb:29:in `call'
actionpack (7.0.7) lib/action_dispatch/middleware/server_timing.rb:61:in `block in call'
actionpack (7.0.7) lib/action_dispatch/middleware/server_timing.rb:26:in `collect_events'
actionpack (7.0.7) lib/action_dispatch/middleware/server_timing.rb:60:in `call'
actionpack (7.0.7) lib/action_dispatch/middleware/executor.rb:14:in `call'
actionpack (7.0.7) lib/action_dispatch/middleware/static.rb:23:in `call'
rack (2.2.8) lib/rack/sendfile.rb:110:in `call'
actionpack (7.0.7) lib/action_dispatch/middleware/host_authorization.rb:137:in `call'
railties (7.0.7) lib/rails/engine.rb:530:in `call'
puma (5.6.7) lib/puma/configuration.rb:252:in `call'
puma (5.6.7) lib/puma/request.rb:77:in `block in handle_request'
puma (5.6.7) lib/puma/thread_pool.rb:340:in `with_force_shutdown'
puma (5.6.7) lib/puma/request.rb:76:in `handle_request'
puma (5.6.7) lib/puma/server.rb:443:in `process_client'
puma (5.6.7) lib/puma/thread_pool.rb:147:in `block in spawn_thread'
Started GET "/todos" for ::1 at 2023-08-21 16:04:08 +0530
Processing by TodosController#index as HTML
Completed 406 Not Acceptable in 1ms (ActiveRecord: 0.0ms | MongoDB: 0.0ms | Allocations: 554)


  
ActionController::MissingExactTemplate (TodosController#index is missing a template for request formats: text/html):
  
actionpack (7.0.7) lib/action_controller/metal/implicit_render.rb:45:in `default_render'
actionpack (7.0.7) lib/action_controller/metal/basic_implicit_render.rb:7:in `send_action'
actionpack (7.0.7) lib/abstract_controller/base.rb:215:in `process_action'
actionpack (7.0.7) lib/action_controller/metal/rendering.rb:165:in `process_action'
actionpack (7.0.7) lib/abstract_controller/callbacks.rb:234:in `block in process_action'
activesupport (7.0.7) lib/active_support/callbacks.rb:118:in `block in run_callbacks'
actiontext (7.0.7) lib/action_text/rendering.rb:20:in `with_renderer'
actiontext (7.0.7) lib/action_text/engine.rb:69:in `block (4 levels) in <class:Engine>'
activesupport (7.0.7) lib/active_support/callbacks.rb:127:in `instance_exec'
activesupport (7.0.7) lib/active_support/callbacks.rb:127:in `block in run_callbacks'
activesupport (7.0.7) lib/active_support/callbacks.rb:138:in `run_callbacks'
actionpack (7.0.7) lib/abstract_controller/callbacks.rb:233:in `process_action'
actionpack (7.0.7) lib/action_controller/metal/rescue.rb:23:in `process_action'
actionpack (7.0.7) lib/action_controller/metal/instrumentation.rb:67:in `block in process_action'
activesupport (7.0.7) lib/active_support/notifications.rb:206:in `block in instrument'
activesupport (7.0.7) lib/active_support/notifications/instrumenter.rb:24:in `instrument'
activesupport (7.0.7) lib/active_support/notifications.rb:206:in `instrument'
actionpack (7.0.7) lib/action_controller/metal/instrumentation.rb:66:in `process_action'
actionpack (7.0.7) lib/action_controller/metal/params_wrapper.rb:259:in `process_action'
activerecord (7.0.7) lib/active_record/railties/controller_runtime.rb:27:in `process_action'
mongoid (8.1.1) lib/mongoid/railties/controller_runtime.rb:21:in `process_action'
actionpack (7.0.7) lib/abstract_controller/base.rb:151:in `process'
actionview (7.0.7) lib/action_view/rendering.rb:39:in `process'
actionpack (7.0.7) lib/action_controller/metal.rb:188:in `dispatch'
actionpack (7.0.7) lib/action_controller/metal.rb:251:in `dispatch'
actionpack (7.0.7) lib/action_dispatch/routing/route_set.rb:49:in `dispatch'
actionpack (7.0.7) lib/action_dispatch/routing/route_set.rb:32:in `serve'
actionpack (7.0.7) lib/action_dispatch/journey/router.rb:50:in `block in serve'
actionpack (7.0.7) lib/action_dispatch/journey/router.rb:32:in `each'
actionpack (7.0.7) lib/action_dispatch/journey/router.rb:32:in `serve'
actionpack (7.0.7) lib/action_dispatch/routing/route_set.rb:852:in `call'
rack (2.2.8) lib/rack/tempfile_reaper.rb:15:in `call'
rack (2.2.8) lib/rack/etag.rb:27:in `call'
rack (2.2.8) lib/rack/conditional_get.rb:27:in `call'
rack (2.2.8) lib/rack/head.rb:12:in `call'
actionpack (7.0.7) lib/action_dispatch/http/permissions_policy.rb:38:in `call'
actionpack (7.0.7) lib/action_dispatch/http/content_security_policy.rb:36:in `call'
rack (2.2.8) lib/rack/session/abstract/id.rb:266:in `context'
rack (2.2.8) lib/rack/session/abstract/id.rb:260:in `call'
actionpack (7.0.7) lib/action_dispatch/middleware/cookies.rb:704:in `call'
activerecord (7.0.7) lib/active_record/migration.rb:603:in `call'
actionpack (7.0.7) lib/action_dispatch/middleware/callbacks.rb:27:in `block in call'
activesupport (7.0.7) lib/active_support/callbacks.rb:99:in `run_callbacks'
actionpack (7.0.7) lib/action_dispatch/middleware/callbacks.rb:26:in `call'
actionpack (7.0.7) lib/action_dispatch/middleware/executor.rb:14:in `call'
actionpack (7.0.7) lib/action_dispatch/middleware/actionable_exceptions.rb:17:in `call'
actionpack (7.0.7) lib/action_dispatch/middleware/debug_exceptions.rb:28:in `call'
web-console (4.2.0) lib/web_console/middleware.rb:132:in `call_app'
web-console (4.2.0) lib/web_console/middleware.rb:28:in `block in call'
web-console (4.2.0) lib/web_console/middleware.rb:17:in `catch'
web-console (4.2.0) lib/web_console/middleware.rb:17:in `call'
actionpack (7.0.7) lib/action_dispatch/middleware/show_exceptions.rb:29:in `call'
railties (7.0.7) lib/rails/rack/logger.rb:40:in `call_app'
railties (7.0.7) lib/rails/rack/logger.rb:25:in `block in call'
activesupport (7.0.7) lib/active_support/tagged_logging.rb:99:in `block in tagged'
activesupport (7.0.7) lib/active_support/tagged_logging.rb:37:in `tagged'
activesupport (7.0.7) lib/active_support/tagged_logging.rb:99:in `tagged'
railties (7.0.7) lib/rails/rack/logger.rb:25:in `call'
sprockets-rails (3.4.2) lib/sprockets/rails/quiet_assets.rb:13:in `call'
actionpack (7.0.7) lib/action_dispatch/middleware/remote_ip.rb:93:in `call'
actionpack (7.0.7) lib/action_dispatch/middleware/request_id.rb:26:in `call'
rack (2.2.8) lib/rack/method_override.rb:24:in `call'
rack (2.2.8) lib/rack/runtime.rb:22:in `call'
activesupport (7.0.7) lib/active_support/cache/strategy/local_cache_middleware.rb:29:in `call'
actionpack (7.0.7) lib/action_dispatch/middleware/server_timing.rb:61:in `block in call'
actionpack (7.0.7) lib/action_dispatch/middleware/server_timing.rb:26:in `collect_events'
actionpack (7.0.7) lib/action_dispatch/middleware/server_timing.rb:60:in `call'
actionpack (7.0.7) lib/action_dispatch/middleware/executor.rb:14:in `call'
actionpack (7.0.7) lib/action_dispatch/middleware/static.rb:23:in `call'
rack (2.2.8) lib/rack/sendfile.rb:110:in `call'
actionpack (7.0.7) lib/action_dispatch/middleware/host_authorization.rb:137:in `call'
railties (7.0.7) lib/rails/engine.rb:530:in `call'
puma (5.6.7) lib/puma/configuration.rb:252:in `call'
puma (5.6.7) lib/puma/request.rb:77:in `block in handle_request'
puma (5.6.7) lib/puma/thread_pool.rb:340:in `with_force_shutdown'
puma (5.6.7) lib/puma/request.rb:76:in `handle_request'
puma (5.6.7) lib/puma/server.rb:443:in `process_client'
puma (5.6.7) lib/puma/thread_pool.rb:147:in `block in spawn_thread'
Started GET "/todos" for ::1 at 2023-08-21 16:04:08 +0530
Processing by TodosController#index as HTML
Completed 406 Not Acceptable in 1ms (ActiveRecord: 0.0ms | MongoDB: 0.0ms | Allocations: 552)


  
ActionController::MissingExactTemplate (TodosController#index is missing a template for request formats: text/html):
  
actionpack (7.0.7) lib/action_controller/metal/implicit_render.rb:45:in `default_render'
actionpack (7.0.7) lib/action_controller/metal/basic_implicit_render.rb:7:in `send_action'
actionpack (7.0.7) lib/abstract_controller/base.rb:215:in `process_action'
actionpack (7.0.7) lib/action_controller/metal/rendering.rb:165:in `process_action'
actionpack (7.0.7) lib/abstract_controller/callbacks.rb:234:in `block in process_action'
activesupport (7.0.7) lib/active_support/callbacks.rb:118:in `block in run_callbacks'
actiontext (7.0.7) lib/action_text/rendering.rb:20:in `with_renderer'
actiontext (7.0.7) lib/action_text/engine.rb:69:in `block (4 levels) in <class:Engine>'
activesupport (7.0.7) lib/active_support/callbacks.rb:127:in `instance_exec'
activesupport (7.0.7) lib/active_support/callbacks.rb:127:in `block in run_callbacks'
activesupport (7.0.7) lib/active_support/callbacks.rb:138:in `run_callbacks'
actionpack (7.0.7) lib/abstract_controller/callbacks.rb:233:in `process_action'
actionpack (7.0.7) lib/action_controller/metal/rescue.rb:23:in `process_action'
actionpack (7.0.7) lib/action_controller/metal/instrumentation.rb:67:in `block in process_action'
activesupport (7.0.7) lib/active_support/notifications.rb:206:in `block in instrument'
activesupport (7.0.7) lib/active_support/notifications/instrumenter.rb:24:in `instrument'
activesupport (7.0.7) lib/active_support/notifications.rb:206:in `instrument'
actionpack (7.0.7) lib/action_controller/metal/instrumentation.rb:66:in `process_action'
actionpack (7.0.7) lib/action_controller/metal/params_wrapper.rb:259:in `process_action'
activerecord (7.0.7) lib/active_record/railties/controller_runtime.rb:27:in `process_action'
mongoid (8.1.1) lib/mongoid/railties/controller_runtime.rb:21:in `process_action'
actionpack (7.0.7) lib/abstract_controller/base.rb:151:in `process'
actionview (7.0.7) lib/action_view/rendering.rb:39:in `process'
actionpack (7.0.7) lib/action_controller/metal.rb:188:in `dispatch'
actionpack (7.0.7) lib/action_controller/metal.rb:251:in `dispatch'
actionpack (7.0.7) lib/action_dispatch/routing/route_set.rb:49:in `dispatch'
actionpack (7.0.7) lib/action_dispatch/routing/route_set.rb:32:in `serve'
actionpack (7.0.7) lib/action_dispatch/journey/router.rb:50:in `block in serve'
actionpack (7.0.7) lib/action_dispatch/journey/router.rb:32:in `each'
actionpack (7.0.7) lib/action_dispatch/journey/router.rb:32:in `serve'
actionpack (7.0.7) lib/action_dispatch/routing/route_set.rb:852:in `call'
rack (2.2.8) lib/rack/tempfile_reaper.rb:15:in `call'
rack (2.2.8) lib/rack/etag.rb:27:in `call'
rack (2.2.8) lib/rack/conditional_get.rb:27:in `call'
rack (2.2.8) lib/rack/head.rb:12:in `call'
actionpack (7.0.7) lib/action_dispatch/http/permissions_policy.rb:38:in `call'
actionpack (7.0.7) lib/action_dispatch/http/content_security_policy.rb:36:in `call'
rack (2.2.8) lib/rack/session/abstract/id.rb:266:in `context'
rack (2.2.8) lib/rack/session/abstract/id.rb:260:in `call'
actionpack (7.0.7) lib/action_dispatch/middleware/cookies.rb:704:in `call'
activerecord (7.0.7) lib/active_record/migration.rb:603:in `call'
actionpack (7.0.7) lib/action_dispatch/middleware/callbacks.rb:27:in `block in call'
activesupport (7.0.7) lib/active_support/callbacks.rb:99:in `run_callbacks'
actionpack (7.0.7) lib/action_dispatch/middleware/callbacks.rb:26:in `call'
actionpack (7.0.7) lib/action_dispatch/middleware/executor.rb:14:in `call'
actionpack (7.0.7) lib/action_dispatch/middleware/actionable_exceptions.rb:17:in `call'
actionpack (7.0.7) lib/action_dispatch/middleware/debug_exceptions.rb:28:in `call'
web-console (4.2.0) lib/web_console/middleware.rb:132:in `call_app'
web-console (4.2.0) lib/web_console/middleware.rb:28:in `block in call'
web-console (4.2.0) lib/web_console/middleware.rb:17:in `catch'
web-console (4.2.0) lib/web_console/middleware.rb:17:in `call'
actionpack (7.0.7) lib/action_dispatch/middleware/show_exceptions.rb:29:in `call'
railties (7.0.7) lib/rails/rack/logger.rb:40:in `call_app'
railties (7.0.7) lib/rails/rack/logger.rb:25:in `block in call'
activesupport (7.0.7) lib/active_support/tagged_logging.rb:99:in `block in tagged'
activesupport (7.0.7) lib/active_support/tagged_logging.rb:37:in `tagged'
activesupport (7.0.7) lib/active_support/tagged_logging.rb:99:in `tagged'
railties (7.0.7) lib/rails/rack/logger.rb:25:in `call'
sprockets-rails (3.4.2) lib/sprockets/rails/quiet_assets.rb:13:in `call'
actionpack (7.0.7) lib/action_dispatch/middleware/remote_ip.rb:93:in `call'
actionpack (7.0.7) lib/action_dispatch/middleware/request_id.rb:26:in `call'
rack (2.2.8) lib/rack/method_override.rb:24:in `call'
rack (2.2.8) lib/rack/runtime.rb:22:in `call'
activesupport (7.0.7) lib/active_support/cache/strategy/local_cache_middleware.rb:29:in `call'
actionpack (7.0.7) lib/action_dispatch/middleware/server_timing.rb:61:in `block in call'
actionpack (7.0.7) lib/action_dispatch/middleware/server_timing.rb:26:in `collect_events'
actionpack (7.0.7) lib/action_dispatch/middleware/server_timing.rb:60:in `call'
actionpack (7.0.7) lib/action_dispatch/middleware/executor.rb:14:in `call'
actionpack (7.0.7) lib/action_dispatch/middleware/static.rb:23:in `call'
rack (2.2.8) lib/rack/sendfile.rb:110:in `call'
actionpack (7.0.7) lib/action_dispatch/middleware/host_authorization.rb:137:in `call'
railties (7.0.7) lib/rails/engine.rb:530:in `call'
puma (5.6.7) lib/puma/configuration.rb:252:in `call'
puma (5.6.7) lib/puma/request.rb:77:in `block in handle_request'
puma (5.6.7) lib/puma/thread_pool.rb:340:in `with_force_shutdown'
puma (5.6.7) lib/puma/request.rb:76:in `handle_request'
puma (5.6.7) lib/puma/server.rb:443:in `process_client'
puma (5.6.7) lib/puma/thread_pool.rb:147:in `block in spawn_thread'
Started GET "/todos" for ::1 at 2023-08-21 16:04:08 +0530
Processing by TodosController#index as HTML
Completed 406 Not Acceptable in 1ms (ActiveRecord: 0.0ms | MongoDB: 0.0ms | Allocations: 552)


  
ActionController::MissingExactTemplate (TodosController#index is missing a template for request formats: text/html):
  
actionpack (7.0.7) lib/action_controller/metal/implicit_render.rb:45:in `default_render'
actionpack (7.0.7) lib/action_controller/metal/basic_implicit_render.rb:7:in `send_action'
actionpack (7.0.7) lib/abstract_controller/base.rb:215:in `process_action'
actionpack (7.0.7) lib/action_controller/metal/rendering.rb:165:in `process_action'
actionpack (7.0.7) lib/abstract_controller/callbacks.rb:234:in `block in process_action'
activesupport (7.0.7) lib/active_support/callbacks.rb:118:in `block in run_callbacks'
actiontext (7.0.7) lib/action_text/rendering.rb:20:in `with_renderer'
actiontext (7.0.7) lib/action_text/engine.rb:69:in `block (4 levels) in <class:Engine>'
activesupport (7.0.7) lib/active_support/callbacks.rb:127:in `instance_exec'
activesupport (7.0.7) lib/active_support/callbacks.rb:127:in `block in run_callbacks'
activesupport (7.0.7) lib/active_support/callbacks.rb:138:in `run_callbacks'
actionpack (7.0.7) lib/abstract_controller/callbacks.rb:233:in `process_action'
actionpack (7.0.7) lib/action_controller/metal/rescue.rb:23:in `process_action'
actionpack (7.0.7) lib/action_controller/metal/instrumentation.rb:67:in `block in process_action'
activesupport (7.0.7) lib/active_support/notifications.rb:206:in `block in instrument'
activesupport (7.0.7) lib/active_support/notifications/instrumenter.rb:24:in `instrument'
activesupport (7.0.7) lib/active_support/notifications.rb:206:in `instrument'
actionpack (7.0.7) lib/action_controller/metal/instrumentation.rb:66:in `process_action'
actionpack (7.0.7) lib/action_controller/metal/params_wrapper.rb:259:in `process_action'
activerecord (7.0.7) lib/active_record/railties/controller_runtime.rb:27:in `process_action'
mongoid (8.1.1) lib/mongoid/railties/controller_runtime.rb:21:in `process_action'
actionpack (7.0.7) lib/abstract_controller/base.rb:151:in `process'
actionview (7.0.7) lib/action_view/rendering.rb:39:in `process'
actionpack (7.0.7) lib/action_controller/metal.rb:188:in `dispatch'
actionpack (7.0.7) lib/action_controller/metal.rb:251:in `dispatch'
actionpack (7.0.7) lib/action_dispatch/routing/route_set.rb:49:in `dispatch'
actionpack (7.0.7) lib/action_dispatch/routing/route_set.rb:32:in `serve'
actionpack (7.0.7) lib/action_dispatch/journey/router.rb:50:in `block in serve'
actionpack (7.0.7) lib/action_dispatch/journey/router.rb:32:in `each'
actionpack (7.0.7) lib/action_dispatch/journey/router.rb:32:in `serve'
actionpack (7.0.7) lib/action_dispatch/routing/route_set.rb:852:in `call'
rack (2.2.8) lib/rack/tempfile_reaper.rb:15:in `call'
rack (2.2.8) lib/rack/etag.rb:27:in `call'
rack (2.2.8) lib/rack/conditional_get.rb:27:in `call'
rack (2.2.8) lib/rack/head.rb:12:in `call'
actionpack (7.0.7) lib/action_dispatch/http/permissions_policy.rb:38:in `call'
actionpack (7.0.7) lib/action_dispatch/http/content_security_policy.rb:36:in `call'
rack (2.2.8) lib/rack/session/abstract/id.rb:266:in `context'
rack (2.2.8) lib/rack/session/abstract/id.rb:260:in `call'
actionpack (7.0.7) lib/action_dispatch/middleware/cookies.rb:704:in `call'
activerecord (7.0.7) lib/active_record/migration.rb:603:in `call'
actionpack (7.0.7) lib/action_dispatch/middleware/callbacks.rb:27:in `block in call'
activesupport (7.0.7) lib/active_support/callbacks.rb:99:in `run_callbacks'
actionpack (7.0.7) lib/action_dispatch/middleware/callbacks.rb:26:in `call'
actionpack (7.0.7) lib/action_dispatch/middleware/executor.rb:14:in `call'
actionpack (7.0.7) lib/action_dispatch/middleware/actionable_exceptions.rb:17:in `call'
actionpack (7.0.7) lib/action_dispatch/middleware/debug_exceptions.rb:28:in `call'
web-console (4.2.0) lib/web_console/middleware.rb:132:in `call_app'
web-console (4.2.0) lib/web_console/middleware.rb:28:in `block in call'
web-console (4.2.0) lib/web_console/middleware.rb:17:in `catch'
web-console (4.2.0) lib/web_console/middleware.rb:17:in `call'
actionpack (7.0.7) lib/action_dispatch/middleware/show_exceptions.rb:29:in `call'
railties (7.0.7) lib/rails/rack/logger.rb:40:in `call_app'
railties (7.0.7) lib/rails/rack/logger.rb:25:in `block in call'
activesupport (7.0.7) lib/active_support/tagged_logging.rb:99:in `block in tagged'
activesupport (7.0.7) lib/active_support/tagged_logging.rb:37:in `tagged'
activesupport (7.0.7) lib/active_support/tagged_logging.rb:99:in `tagged'
railties (7.0.7) lib/rails/rack/logger.rb:25:in `call'
sprockets-rails (3.4.2) lib/sprockets/rails/quiet_assets.rb:13:in `call'
actionpack (7.0.7) lib/action_dispatch/middleware/remote_ip.rb:93:in `call'
actionpack (7.0.7) lib/action_dispatch/middleware/request_id.rb:26:in `call'
rack (2.2.8) lib/rack/method_override.rb:24:in `call'
rack (2.2.8) lib/rack/runtime.rb:22:in `call'
activesupport (7.0.7) lib/active_support/cache/strategy/local_cache_middleware.rb:29:in `call'
actionpack (7.0.7) lib/action_dispatch/middleware/server_timing.rb:61:in `block in call'
actionpack (7.0.7) lib/action_dispatch/middleware/server_timing.rb:26:in `collect_events'
actionpack (7.0.7) lib/action_dispatch/middleware/server_timing.rb:60:in `call'
actionpack (7.0.7) lib/action_dispatch/middleware/executor.rb:14:in `call'
actionpack (7.0.7) lib/action_dispatch/middleware/static.rb:23:in `call'
rack (2.2.8) lib/rack/sendfile.rb:110:in `call'
actionpack (7.0.7) lib/action_dispatch/middleware/host_authorization.rb:137:in `call'
railties (7.0.7) lib/rails/engine.rb:530:in `call'
puma (5.6.7) lib/puma/configuration.rb:252:in `call'
puma (5.6.7) lib/puma/request.rb:77:in `block in handle_request'
puma (5.6.7) lib/puma/thread_pool.rb:340:in `with_force_shutdown'
puma (5.6.7) lib/puma/request.rb:76:in `handle_request'
puma (5.6.7) lib/puma/server.rb:443:in `process_client'
puma (5.6.7) lib/puma/thread_pool.rb:147:in `block in spawn_thread'
Started GET "/todos" for ::1 at 2023-08-21 16:04:08 +0530
Processing by TodosController#index as HTML
Completed 406 Not Acceptable in 1ms (ActiveRecord: 0.0ms | MongoDB: 0.0ms | Allocations: 552)


  
ActionController::MissingExactTemplate (TodosController#index is missing a template for request formats: text/html):
  
actionpack (7.0.7) lib/action_controller/metal/implicit_render.rb:45:in `default_render'
actionpack (7.0.7) lib/action_controller/metal/basic_implicit_render.rb:7:in `send_action'
actionpack (7.0.7) lib/abstract_controller/base.rb:215:in `process_action'
actionpack (7.0.7) lib/action_controller/metal/rendering.rb:165:in `process_action'
actionpack (7.0.7) lib/abstract_controller/callbacks.rb:234:in `block in process_action'
activesupport (7.0.7) lib/active_support/callbacks.rb:118:in `block in run_callbacks'
actiontext (7.0.7) lib/action_text/rendering.rb:20:in `with_renderer'
actiontext (7.0.7) lib/action_text/engine.rb:69:in `block (4 levels) in <class:Engine>'
activesupport (7.0.7) lib/active_support/callbacks.rb:127:in `instance_exec'
activesupport (7.0.7) lib/active_support/callbacks.rb:127:in `block in run_callbacks'
activesupport (7.0.7) lib/active_support/callbacks.rb:138:in `run_callbacks'
actionpack (7.0.7) lib/abstract_controller/callbacks.rb:233:in `process_action'
actionpack (7.0.7) lib/action_controller/metal/rescue.rb:23:in `process_action'
actionpack (7.0.7) lib/action_controller/metal/instrumentation.rb:67:in `block in process_action'
activesupport (7.0.7) lib/active_support/notifications.rb:206:in `block in instrument'
activesupport (7.0.7) lib/active_support/notifications/instrumenter.rb:24:in `instrument'
activesupport (7.0.7) lib/active_support/notifications.rb:206:in `instrument'
actionpack (7.0.7) lib/action_controller/metal/instrumentation.rb:66:in `process_action'
actionpack (7.0.7) lib/action_controller/metal/params_wrapper.rb:259:in `process_action'
activerecord (7.0.7) lib/active_record/railties/controller_runtime.rb:27:in `process_action'
mongoid (8.1.1) lib/mongoid/railties/controller_runtime.rb:21:in `process_action'
actionpack (7.0.7) lib/abstract_controller/base.rb:151:in `process'
actionview (7.0.7) lib/action_view/rendering.rb:39:in `process'
actionpack (7.0.7) lib/action_controller/metal.rb:188:in `dispatch'
actionpack (7.0.7) lib/action_controller/metal.rb:251:in `dispatch'
actionpack (7.0.7) lib/action_dispatch/routing/route_set.rb:49:in `dispatch'
actionpack (7.0.7) lib/action_dispatch/routing/route_set.rb:32:in `serve'
actionpack (7.0.7) lib/action_dispatch/journey/router.rb:50:in `block in serve'
actionpack (7.0.7) lib/action_dispatch/journey/router.rb:32:in `each'
actionpack (7.0.7) lib/action_dispatch/journey/router.rb:32:in `serve'
actionpack (7.0.7) lib/action_dispatch/routing/route_set.rb:852:in `call'
rack (2.2.8) lib/rack/tempfile_reaper.rb:15:in `call'
rack (2.2.8) lib/rack/etag.rb:27:in `call'
rack (2.2.8) lib/rack/conditional_get.rb:27:in `call'
rack (2.2.8) lib/rack/head.rb:12:in `call'
actionpack (7.0.7) lib/action_dispatch/http/permissions_policy.rb:38:in `call'
actionpack (7.0.7) lib/action_dispatch/http/content_security_policy.rb:36:in `call'
rack (2.2.8) lib/rack/session/abstract/id.rb:266:in `context'
rack (2.2.8) lib/rack/session/abstract/id.rb:260:in `call'
actionpack (7.0.7) lib/action_dispatch/middleware/cookies.rb:704:in `call'
activerecord (7.0.7) lib/active_record/migration.rb:603:in `call'
actionpack (7.0.7) lib/action_dispatch/middleware/callbacks.rb:27:in `block in call'
activesupport (7.0.7) lib/active_support/callbacks.rb:99:in `run_callbacks'
actionpack (7.0.7) lib/action_dispatch/middleware/callbacks.rb:26:in `call'
actionpack (7.0.7) lib/action_dispatch/middleware/executor.rb:14:in `call'
actionpack (7.0.7) lib/action_dispatch/middleware/actionable_exceptions.rb:17:in `call'
actionpack (7.0.7) lib/action_dispatch/middleware/debug_exceptions.rb:28:in `call'
web-console (4.2.0) lib/web_console/middleware.rb:132:in `call_app'
web-console (4.2.0) lib/web_console/middleware.rb:28:in `block in call'
web-console (4.2.0) lib/web_console/middleware.rb:17:in `catch'
web-console (4.2.0) lib/web_console/middleware.rb:17:in `call'
actionpack (7.0.7) lib/action_dispatch/middleware/show_exceptions.rb:29:in `call'
railties (7.0.7) lib/rails/rack/logger.rb:40:in `call_app'
railties (7.0.7) lib/rails/rack/logger.rb:25:in `block in call'
activesupport (7.0.7) lib/active_support/tagged_logging.rb:99:in `block in tagged'
activesupport (7.0.7) lib/active_support/tagged_logging.rb:37:in `tagged'
activesupport (7.0.7) lib/active_support/tagged_logging.rb:99:in `tagged'
railties (7.0.7) lib/rails/rack/logger.rb:25:in `call'
sprockets-rails (3.4.2) lib/sprockets/rails/quiet_assets.rb:13:in `call'
actionpack (7.0.7) lib/action_dispatch/middleware/remote_ip.rb:93:in `call'
actionpack (7.0.7) lib/action_dispatch/middleware/request_id.rb:26:in `call'
rack (2.2.8) lib/rack/method_override.rb:24:in `call'
rack (2.2.8) lib/rack/runtime.rb:22:in `call'
activesupport (7.0.7) lib/active_support/cache/strategy/local_cache_middleware.rb:29:in `call'
actionpack (7.0.7) lib/action_dispatch/middleware/server_timing.rb:61:in `block in call'
actionpack (7.0.7) lib/action_dispatch/middleware/server_timing.rb:26:in `collect_events'
actionpack (7.0.7) lib/action_dispatch/middleware/server_timing.rb:60:in `call'
actionpack (7.0.7) lib/action_dispatch/middleware/executor.rb:14:in `call'
actionpack (7.0.7) lib/action_dispatch/middleware/static.rb:23:in `call'
rack (2.2.8) lib/rack/sendfile.rb:110:in `call'
actionpack (7.0.7) lib/action_dispatch/middleware/host_authorization.rb:137:in `call'
railties (7.0.7) lib/rails/engine.rb:530:in `call'
puma (5.6.7) lib/puma/configuration.rb:252:in `call'
puma (5.6.7) lib/puma/request.rb:77:in `block in handle_request'
puma (5.6.7) lib/puma/thread_pool.rb:340:in `with_force_shutdown'
puma (5.6.7) lib/puma/request.rb:76:in `handle_request'
puma (5.6.7) lib/puma/server.rb:443:in `process_client'
puma (5.6.7) lib/puma/thread_pool.rb:147:in `block in spawn_thread'
Started GET "/todos" for ::1 at 2023-08-21 16:06:33 +0530
Processing by TodosController#index as HTML
Completed 500 Internal Server Error in 5ms (ActiveRecord: 0.0ms | MongoDB: 0.0ms | Allocations: 2223)


  
NameError (uninitialized constant ApplicationRecords):
  
app/models/todo.rb:1:in `<main>'
app/controllers/todos_controller.rb:6:in `index'
Started GET "/todos" for ::1 at 2023-08-21 16:07:10 +0530
Processing by TodosController#index as HTML
Completed 500 Internal Server Error in 2ms (ActiveRecord: 0.0ms | MongoDB: 0.0ms | Allocations: 2311)


  
NameError (uninitialized constant TodosController::Todo):
  
app/controllers/todos_controller.rb:6:in `index'
Started GET "/todos" for ::1 at 2023-08-21 16:07:28 +0530
Processing by TodosController#index as HTML
Completed 500 Internal Server Error in 5ms (ActiveRecord: 0.0ms | MongoDB: 0.0ms | Allocations: 2219)


  
NameError (uninitialized constant ApplicationRecords):
  
app/models/todos.rb:1:in `<main>'
app/controllers/todos_controller.rb:6:in `index'
Started GET "/todos" for ::1 at 2023-08-21 16:07:55 +0530
Processing by TodosController#index as HTML
Completed 500 Internal Server Error in 9ms (ActiveRecord: 0.0ms | MongoDB: 0.0ms | Allocations: 5380)


  
NameError (undefined local variable or method `mongoid' for Todos:Class
Did you mean?  mongoize):
  
app/models/todos.rb:2:in `<class:Todos>'
app/models/todos.rb:1:in `<main>'
app/controllers/todos_controller.rb:6:in `index'
Started GET "/todos" for ::1 at 2023-08-21 16:09:17 +0530
Processing by TodosController#index as HTML
Completed 500 Internal Server Error in 13ms (ActiveRecord: 0.0ms | MongoDB: 0.0ms | Allocations: 5304)


  
NameError (undefined local variable or method `mongoid' for Todos:Class
Did you mean?  mongoize):
  
app/models/todos.rb:2:in `<class:Todos>'
app/models/todos.rb:1:in `<main>'
app/controllers/todos_controller.rb:6:in `index'
Started GET "/todos" for ::1 at 2023-08-21 16:09:17 +0530
Processing by TodosController#index as HTML
Completed 500 Internal Server Error in 8ms (ActiveRecord: 0.0ms | MongoDB: 0.0ms | Allocations: 4796)


  
NameError (undefined local variable or method `mongoid' for Todos:Class
Did you mean?  mongoize):
  
app/models/todos.rb:2:in `<class:Todos>'
app/models/todos.rb:1:in `<main>'
app/controllers/todos_controller.rb:6:in `index'
Started GET "/todos" for ::1 at 2023-08-21 16:09:17 +0530
Processing by TodosController#index as HTML
Completed 500 Internal Server Error in 7ms (ActiveRecord: 0.0ms | MongoDB: 0.0ms | Allocations: 4775)


  
NameError (undefined local variable or method `mongoid' for Todos:Class
Did you mean?  mongoize):
  
app/models/todos.rb:2:in `<class:Todos>'
app/models/todos.rb:1:in `<main>'
app/controllers/todos_controller.rb:6:in `index'
MONGODB | Topology type 'unknown' initializing.
MONGODB | There was a change in the members of the 'Unknown' topology.
MONGODB | Server localhost:27017 initializing.
MONGODB | Waiting for up to 30.00 seconds for servers to be scanned: #<Cluster topology=Unknown[localhost:27017] servers=[#<Server address=localhost:27017 UNKNOWN>]>
MONGODB | Server description for localhost:27017 changed from 'unknown' to 'standalone'.
MONGODB | Topology type 'Unknown' changed to type 'Single'.
MONGODB | localhost:27017 req:6 conn:1:1 sconn:58 | todo.insert | STARTED | {"insert"=>"todos", "ordered"=>true, "documents"=>[{"_id"=>BSON::ObjectId('64e344789f5bc27ae1801481'), "title"=>"rohit", "description"=>"employee", "updated_at"=>2023-08-21 11:04:12.158143236 UTC, "created_at"=>2023-08-21 11:04:12.158143236 UTC}], "$d...
MONGODB | localhost:27017 req:6 | todo.insert | SUCCEEDED | 0.012s
MONGODB | Server description for localhost:27017 changed from 'standalone' to 'standalone'.
MONGODB | There was a change in the members of the 'Single' topology.
MONGODB | localhost:27017 req:12 conn:1:1 sconn:58 | todo.insert | STARTED | {"insert"=>"todos", "ordered"=>true, "documents"=>[{"_id"=>BSON::ObjectId('64e344df9f5bc27ae1801482'), "title"=>"hii ", "description"=>"hii there", "updated_at"=>2023-08-21 11:05:03.043340655 UTC, "created_at"=>2023-08-21 11:05:03.043340655 UTC}], "$d...
MONGODB | localhost:27017 req:12 | todo.insert | SUCCEEDED | 0.000s
MONGODB | localhost:27017 req:14 conn:1:1 sconn:58 | todo.insert | STARTED | {"insert"=>"todos", "ordered"=>true, "documents"=>[{"_id"=>BSON::ObjectId('64e344e89f5bc27ae1801483'), "title"=>"title ", "description"=>"hii there title", "updated_at"=>2023-08-21 11:05:12.776525384 UTC, "created_at"=>2023-08-21 11:05:12.776525384 UT...
MONGODB | localhost:27017 req:14 | todo.insert | SUCCEEDED | 0.000s
Started GET "/" for ::1 at 2023-08-21 16:47:19 +0530
Processing by TodosController#index as HTML
  Rendering layout layouts/application.html.erb
  Rendering todos/index.html.erb within layouts/application
MONGODB | Topology type 'unknown' initializing.
MONGODB | There was a change in the members of the 'Unknown' topology.
MONGODB | Server localhost:27017 initializing.
MONGODB | Waiting for up to 30.00 seconds for servers to be scanned: #<Cluster topology=Unknown[localhost:27017] servers=[#<Server address=localhost:27017 UNKNOWN>]>
MONGODB | Server description for localhost:27017 changed from 'unknown' to 'standalone'.
MONGODB | Topology type 'Unknown' changed to type 'Single'.
MONGODB | localhost:27017 req:6 conn:1:1 sconn:80 | todo.find | STARTED | {"find"=>"todos", "filter"=>{}, "$db"=>"todo", "lsid"=>{"id"=><BSON::Binary:0x21880 type=uuid data=0xd58c5f3ba0974f1d...>}}
MONGODB | localhost:27017 req:6 | todo.find | SUCCEEDED | 0.001s
  Rendered todos/index.html.erb within layouts/application (Duration: 12.8ms | Allocations: 7329)
  Rendered layout layouts/application.html.erb (Duration: 258.5ms | Allocations: 104603)
Completed 200 OK in 296ms (Views: 260.0ms | ActiveRecord: 0.0ms | MongoDB: 0.5ms | Allocations: 145926)


MONGODB | Server description for localhost:27017 changed from 'standalone' to 'standalone'.
MONGODB | There was a change in the members of the 'Single' topology.
Overwriting existing field title in class Todo.
Overwriting existing field description in class Todo.
Overwriting existing field finished in class Todo.
Overwriting existing field title in class Todo.
Overwriting existing field description in class Todo.
Overwriting existing field finished in class Todo.
Overwriting existing field title in class Todo.
Overwriting existing field description in class Todo.
Overwriting existing field finished in class Todo.
Overwriting existing field title in class Todo.
Overwriting existing field description in class Todo.
Overwriting existing field finished in class Todo.
Overwriting existing field title in class Todo.
Overwriting existing field description in class Todo.
Overwriting existing field finished in class Todo.
Overwriting existing field title in class Todo.
Overwriting existing field description in class Todo.
Overwriting existing field finished in class Todo.
Overwriting existing field title in class Todo.
Overwriting existing field description in class Todo.
Overwriting existing field finished in class Todo.
Overwriting existing field title in class Todo.
Overwriting existing field description in class Todo.
Overwriting existing field finished in class Todo.
Overwriting existing field title in class Todo.
Overwriting existing field description in class Todo.
Overwriting existing field finished in class Todo.
Overwriting existing field title in class Todo.
Overwriting existing field description in class Todo.
Overwriting existing field finished in class Todo.
Overwriting existing field title in class Todo.
Overwriting existing field description in class Todo.
Overwriting existing field finished in class Todo.
Overwriting existing field title in class Todo.
Overwriting existing field description in class Todo.
Overwriting existing field finished in class Todo.
Overwriting existing field title in class Todo.
Overwriting existing field description in class Todo.
Overwriting existing field finished in class Todo.
Overwriting existing field title in class Todo.
Overwriting existing field description in class Todo.
MONGODB | Topology type 'unknown' initializing.
MONGODB | There was a change in the members of the 'Unknown' topology.
MONGODB | Server localhost:27017 initializing.
MONGODB | Waiting for up to 30.00 seconds for servers to be scanned: #<Cluster topology=Unknown[localhost:27017] servers=[#<Server address=localhost:27017 UNKNOWN>]>
MONGODB | Server description for localhost:27017 changed from 'unknown' to 'standalone'.
MONGODB | Topology type 'Unknown' changed to type 'Single'.
MONGODB | localhost:27017 req:6 conn:1:1 sconn:83 | todo.insert | STARTED | {"insert"=>"todos", "ordered"=>true, "documents"=>[{"_id"=>BSON::ObjectId('64e452be9f5bc2a214a2b322'), "title"=>"new title", "description"=>"new description", "updated_at"=>2023-08-22 06:24:34.281171343 UTC, "created_at"=>2023-08-22 06:24:34.281171343...
MONGODB | localhost:27017 req:6 | todo.insert | SUCCEEDED | 0.000s
MONGODB | Server description for localhost:27017 changed from 'standalone' to 'standalone'.
MONGODB | There was a change in the members of the 'Single' topology.
MONGODB | localhost:27017 req:19 conn:1:1 sconn:83 | todo.insert | STARTED | {"insert"=>"todos", "ordered"=>true, "documents"=>[{"_id"=>BSON::ObjectId('64e455089f5bc2a214a2b323'), "description"=>"new descri", "title"=>"new titl", "updated_at"=>2023-08-22 06:26:37.579353481 UTC, "created_at"=>2023-08-22 06:26:37.579353481 UTC}]...
MONGODB | localhost:27017 req:19 | todo.insert | SUCCEEDED | 0.000s
MONGODB | localhost:27017 req:87 conn:1:1 sconn:83 | todo.find | STARTED | {"find"=>"todos", "filter"=>{}, "$db"=>"todo", "lsid"=>{"id"=><BSON::Binary:0x14220 type=uuid data=0x555c843103b34357...>}}
MONGODB | localhost:27017 req:87 | todo.find | SUCCEEDED | 0.000s
MONGODB | localhost:27017 req:89 conn:1:1 sconn:83 | todo.find | STARTED | {"find"=>"todos", "filter"=>{}, "$db"=>"todo", "lsid"=>{"id"=><BSON::Binary:0x14220 type=uuid data=0x555c843103b34357...>}}
MONGODB | localhost:27017 req:89 | todo.find | SUCCEEDED | 0.000s
MONGODB | localhost:27017 req:91 conn:1:1 sconn:83 | todo.find | STARTED | {"find"=>"todos", "filter"=>{}, "$db"=>"todo", "lsid"=>{"id"=><BSON::Binary:0x14220 type=uuid data=0x555c843103b34357...>}}
MONGODB | localhost:27017 req:91 | todo.find | SUCCEEDED | 0.000s
MONGODB | localhost:27017 req:93 conn:1:1 sconn:83 | todo.find | STARTED | {"find"=>"todos", "filter"=>{}, "$db"=>"todo", "lsid"=>{"id"=><BSON::Binary:0x14220 type=uuid data=0x555c843103b34357...>}}
MONGODB | localhost:27017 req:93 | todo.find | SUCCEEDED | 0.000s
Started GET "/" for ::1 at 2023-08-22 15:20:14 +0530
Processing by TodosController#index as HTML
  Rendering layout layouts/application.html.erb
  Rendering todos/index.html.erb within layouts/application
MONGODB | Topology type 'unknown' initializing.
MONGODB | There was a change in the members of the 'Unknown' topology.
MONGODB | Server localhost:27017 initializing.
MONGODB | Waiting for up to 30.00 seconds for servers to be scanned: #<Cluster topology=Unknown[localhost:27017] servers=[#<Server address=localhost:27017 UNKNOWN>]>
MONGODB | Server description for localhost:27017 changed from 'unknown' to 'standalone'.
MONGODB | Topology type 'Unknown' changed to type 'Single'.
MONGODB | localhost:27017 req:6 conn:1:1 sconn:86 | todo.find | STARTED | {"find"=>"todos", "filter"=>{}, "$db"=>"todo", "lsid"=>{"id"=><BSON::Binary:0x21880 type=uuid data=0x9343e8b6ff4b4c9b...>}}
MONGODB | localhost:27017 req:6 | todo.find | SUCCEEDED | 0.001s
  Rendered todos/index.html.erb within layouts/application (Duration: 10.3ms | Allocations: 7462)
  Rendered layout layouts/application.html.erb (Duration: 54.8ms | Allocations: 42842)
Completed 200 OK in 90ms (Views: 56.5ms | ActiveRecord: 0.0ms | MongoDB: 0.5ms | Allocations: 84167)


MONGODB | Server description for localhost:27017 changed from 'standalone' to 'standalone'.
MONGODB | There was a change in the members of the 'Single' topology.
