Started GET "/" for ::1 at 2023-08-10 12:46:05 +0530
  [1m[35m (5.7ms)[0m  [1m[35mCREATE TABLE "schema_migrations" ("version" varchar NOT NULL PRIMARY KEY)[0m
  [1m[35m (4.2ms)[0m  [1m[35mCREATE TABLE "ar_internal_metadata" ("key" varchar NOT NULL PRIMARY KEY, "value" varchar, "created_at" datetime(6) NOT NULL, "updated_at" datetime(6) NOT NULL)[0m
  [1m[36mActiveRecord::SchemaMigration Pluck (0.2ms)[0m  [1m[34mSELECT "schema_migrations"."version" FROM "schema_migrations" ORDER BY "schema_migrations"."version" ASC[0m
  
ActiveRecord::PendingMigrationError (

Migrations are pending. To resolve this issue, run:

        bin/rails db:migrate RAILS_ENV=development

You have 1 pending migration:

20230810071346_create_articles.rb


):
  
activerecord (7.0.7) lib/active_record/migration.rb:627:in `check_pending!'
activerecord (7.0.7) lib/active_record/migration.rb:592:in `block (2 levels) in call'
activesupport (7.0.7) lib/active_support/file_update_checker.rb:83:in `execute'
activerecord (7.0.7) lib/active_record/migration.rb:597:in `block in call'
activerecord (7.0.7) lib/active_record/migration.rb:589:in `synchronize'
activerecord (7.0.7) lib/active_record/migration.rb:589:in `call'
actionpack (7.0.7) lib/action_dispatch/middleware/callbacks.rb:27:in `block in call'
activesupport (7.0.7) lib/active_support/callbacks.rb:99:in `run_callbacks'
actionpack (7.0.7) lib/action_dispatch/middleware/callbacks.rb:26:in `call'
actionpack (7.0.7) lib/action_dispatch/middleware/executor.rb:14:in `call'
actionpack (7.0.7) lib/action_dispatch/middleware/actionable_exceptions.rb:17:in `call'
actionpack (7.0.7) lib/action_dispatch/middleware/debug_exceptions.rb:28:in `call'
web-console (4.2.0) lib/web_console/middleware.rb:132:in `call_app'
web-console (4.2.0) lib/web_console/middleware.rb:28:in `block in call'
web-console (4.2.0) lib/web_console/middleware.rb:17:in `catch'
web-console (4.2.0) lib/web_console/middleware.rb:17:in `call'
actionpack (7.0.7) lib/action_dispatch/middleware/show_exceptions.rb:29:in `call'
railties (7.0.7) lib/rails/rack/logger.rb:40:in `call_app'
railties (7.0.7) lib/rails/rack/logger.rb:25:in `block in call'
activesupport (7.0.7) lib/active_support/tagged_logging.rb:99:in `block in tagged'
activesupport (7.0.7) lib/active_support/tagged_logging.rb:37:in `tagged'
activesupport (7.0.7) lib/active_support/tagged_logging.rb:99:in `tagged'
railties (7.0.7) lib/rails/rack/logger.rb:25:in `call'
sprockets-rails (3.4.2) lib/sprockets/rails/quiet_assets.rb:13:in `call'
actionpack (7.0.7) lib/action_dispatch/middleware/remote_ip.rb:93:in `call'
actionpack (7.0.7) lib/action_dispatch/middleware/request_id.rb:26:in `call'
rack (2.2.8) lib/rack/method_override.rb:24:in `call'
rack (2.2.8) lib/rack/runtime.rb:22:in `call'
activesupport (7.0.7) lib/active_support/cache/strategy/local_cache_middleware.rb:29:in `call'
actionpack (7.0.7) lib/action_dispatch/middleware/server_timing.rb:61:in `block in call'
actionpack (7.0.7) lib/action_dispatch/middleware/server_timing.rb:26:in `collect_events'
actionpack (7.0.7) lib/action_dispatch/middleware/server_timing.rb:60:in `call'
actionpack (7.0.7) lib/action_dispatch/middleware/executor.rb:14:in `call'
actionpack (7.0.7) lib/action_dispatch/middleware/static.rb:23:in `call'
rack (2.2.8) lib/rack/sendfile.rb:110:in `call'
actionpack (7.0.7) lib/action_dispatch/middleware/host_authorization.rb:137:in `call'
railties (7.0.7) lib/rails/engine.rb:530:in `call'
puma (5.6.6) lib/puma/configuration.rb:252:in `call'
puma (5.6.6) lib/puma/request.rb:77:in `block in handle_request'
puma (5.6.6) lib/puma/thread_pool.rb:340:in `with_force_shutdown'
puma (5.6.6) lib/puma/request.rb:76:in `handle_request'
puma (5.6.6) lib/puma/server.rb:443:in `process_client'
puma (5.6.6) lib/puma/thread_pool.rb:147:in `block in spawn_thread'
  [1m[36mActiveRecord::SchemaMigration Pluck (0.1ms)[0m  [1m[34mSELECT "schema_migrations"."version" FROM "schema_migrations" ORDER BY "schema_migrations"."version" ASC[0m
Migrating to CreateArticles (20230810071346)
  [1m[36mActiveRecord::SchemaMigration Pluck (0.1ms)[0m  [1m[34mSELECT "schema_migrations"."version" FROM "schema_migrations" ORDER BY "schema_migrations"."version" ASC[0m
Migrating to CreateArticles (20230810071346)
  [1m[36mTRANSACTION (0.0ms)[0m  [1m[36mbegin transaction[0m
  [1m[35m (0.2ms)[0m  [1m[35mCREATE TABLE "articles" ("id" integer PRIMARY KEY AUTOINCREMENT NOT NULL, "title" varchar, "price" float, "description" text, "created_at" datetime(6) NOT NULL, "updated_at" datetime(6) NOT NULL)[0m
  [1m[36mActiveRecord::SchemaMigration Create (0.2ms)[0m  [1m[32mINSERT INTO "schema_migrations" ("version") VALUES (?)[0m  [["version", "20230810071346"]]
  [1m[36mTRANSACTION (3.8ms)[0m  [1m[36mcommit transaction[0m
  [1m[36mActiveRecord::InternalMetadata Load (0.1ms)[0m  [1m[34mSELECT "ar_internal_metadata".* FROM "ar_internal_metadata" WHERE "ar_internal_metadata"."key" = ? LIMIT ?[0m  [["key", "environment"], ["LIMIT", 1]]
  [1m[36mTRANSACTION (0.0ms)[0m  [1m[36mbegin transaction[0m
  [1m[36mActiveRecord::InternalMetadata Create (0.2ms)[0m  [1m[32mINSERT INTO "ar_internal_metadata" ("key", "value", "created_at", "updated_at") VALUES (?, ?, ?, ?)[0m  [["key", "environment"], ["value", "development"], ["created_at", "2023-08-10 07:18:05.455544"], ["updated_at", "2023-08-10 07:18:05.455544"]]
  [1m[36mTRANSACTION (3.1ms)[0m  [1m[36mcommit transaction[0m
  [1m[36mActiveRecord::SchemaMigration Pluck (0.1ms)[0m  [1m[34mSELECT "schema_migrations"."version" FROM "schema_migrations" ORDER BY "schema_migrations"."version" ASC[0m
Started GET "/" for ::1 at 2023-08-10 12:48:12 +0530
  [1m[36mActiveRecord::SchemaMigration Pluck (0.1ms)[0m  [1m[34mSELECT "schema_migrations"."version" FROM "schema_migrations" ORDER BY "schema_migrations"."version" ASC[0m
Processing by Rails::WelcomeController#index as HTML
  Rendering /var/lib/gems/3.0.0/gems/railties-7.0.7/lib/rails/templates/rails/welcome/index.html.erb
  Rendered /var/lib/gems/3.0.0/gems/railties-7.0.7/lib/rails/templates/rails/welcome/index.html.erb (Duration: 1.2ms | Allocations: 826)
Completed 200 OK in 9ms (Views: 2.9ms | ActiveRecord: 0.0ms | Allocations: 8198)


Started GET "/article" for ::1 at 2023-08-10 12:48:17 +0530
  
ActionController::RoutingError (No route matches [GET] "/article"):
  
Started GET "/article" for ::1 at 2023-08-10 12:48:17 +0530
  
ActionController::RoutingError (No route matches [GET] "/article"):
  
Started GET "/articles" for ::1 at 2023-08-10 12:48:29 +0530
  
SyntaxError (/home/rosharma/Documents/rails/copyapp/app/controllers/articles_controller.rb:68: syntax error, unexpected ',', expecting literal content or terminator or tSTRING_DBEG or tSTRING_DVAR
...ire(:article).permit(:title, :,, :description)
...                              ^
):
  
app/controllers/articles_controller.rb:68: syntax error, unexpected ',', expecting literal content or terminator or tSTRING_DBEG or tSTRING_DVAR
app/controllers/articles_controller.rb:68: syntax error, unexpected ',', expecting literal content or terminator or tSTRING_DBEG or tSTRING_DVAR
app/controllers/articles_controller.rb:68: syntax error, unexpected ',', expecting literal content or terminator or tSTRING_DBEG or tSTRING_DVAR
Started GET "/articles" for ::1 at 2023-08-10 12:50:15 +0530
Processing by ArticlesController#index as HTML
  Rendering layout layouts/application.html.erb
  Rendering articles/index.html.erb within layouts/application
  [1m[36mArticle Load (0.1ms)[0m  [1m[34mSELECT "articles".* FROM "articles"[0m
  ↳ app/views/articles/index.html.erb:6
  Rendered articles/index.html.erb within layouts/application (Duration: 4.1ms | Allocations: 1438)
  Rendered layout layouts/application.html.erb (Duration: 288.9ms | Allocations: 91507)
Completed 200 OK in 294ms (Views: 290.3ms | ActiveRecord: 0.4ms | Allocations: 93638)


Started GET "/articles/new" for ::1 at 2023-08-10 12:50:17 +0530
Processing by ArticlesController#new as HTML
  Rendering layout layouts/application.html.erb
  Rendering articles/new.html.erb within layouts/application
  Rendered articles/_form.html.erb (Duration: 0.5ms | Allocations: 1441)
  Rendered articles/new.html.erb within layouts/application (Duration: 1.1ms | Allocations: 1760)
  Rendered layout layouts/application.html.erb (Duration: 1.3ms | Allocations: 1837)
Completed 500 Internal Server Error in 12ms (ActiveRecord: 0.4ms | Allocations: 18466)


  
ActionView::SyntaxErrorInTemplate (Encountered a syntax error while rendering template: check <%= form_with(model: article) do |form| %>
  <% if article.errors.any? %>
    <div style="color: red">
      <h2><%= pluralize(article.errors.count, "error") %> prohibited this article from being saved:</h2>

      <ul>
        <% article.errors.each do |error| %>
          <li><%= error.full_message %></li>
        <% end %>
      </ul>
    </div>
  <% end %>

  <div>
    <%= form.label :title, style: "display: block" %>
    <%= form.text_field :title %>
  </div>

  <div>
    <%= form.label :,, style: "display: block" %>
    <%= form.text_field :, %>
  </div>

  <div>
    <%= form.label :description, style: "display: block" %>
    <%= form.text_area :description %>
  </div>

  <div>
    <%= form.submit %>
  </div>
<% end %>

):
1:    <%= form_with(model: article) do |form| %>
2:      <% if article.errors.any? %>
3:        <div style="color: red">
4:          <h2><%= pluralize(article.errors.count, "error") %> prohibited this article from being saved:</h2>
5:    
6:          <ul>
7:            <% article.errors.each do |error| %>
8:              <li><%= error.full_message %></li>
9:            <% end %>
10:          </ul>
11:        </div>
12:      <% end %>
13:    
14:      <div>
15:        <%= form.label :title, style: "display: block" %>
16:        <%= form.text_field :title %>
17:      </div>
18:    
19:      <div>
20:        <%= form.label :,, style: "display: block" %>
21:        <%= form.text_field :, %>
22:      </div>
23:    
24:      <div>
25:        <%= form.label :description, style: "display: block" %>
26:        <%= form.text_area :description %>
27:      </div>
28:    
29:      <div>
30:        <%= form.submit %>
31:      </div>
32:    <% end %>
  
app/views/articles/_form.html.erb:20: syntax error, unexpected ',', expecting literal content or terminator or tSTRING_DBEG or tSTRING_DVAR
app/views/articles/_form.html.erb:21: syntax error, unexpected ',', expecting literal content or terminator or tSTRING_DBEG or tSTRING_DVAR
app/views/articles/_form.html.erb:32: syntax error, unexpected `end', expecting ')'
app/views/articles/_form.html.erb:34: syntax error, unexpected `end', expecting ')'
app/views/articles/_form.html.erb:20: syntax error, unexpected ',', expecting literal content or terminator or tSTRING_DBEG or tSTRING_DVAR
app/views/articles/_form.html.erb:21: syntax error, unexpected ',', expecting literal content or terminator or tSTRING_DBEG or tSTRING_DVAR
app/views/articles/_form.html.erb:32: syntax error, unexpected `end', expecting ')'
app/views/articles/_form.html.erb:34: syntax error, unexpected `end', expecting ')'
app/views/articles/_form.html.erb:20: syntax error, unexpected ',', expecting literal content or terminator or tSTRING_DBEG or tSTRING_DVAR
app/views/articles/_form.html.erb:21: syntax error, unexpected ',', expecting literal content or terminator or tSTRING_DBEG or tSTRING_DVAR
app/views/articles/_form.html.erb:32: syntax error, unexpected `end', expecting ')'
app/views/articles/_form.html.erb:34: syntax error, unexpected `end', expecting ')'
app/views/articles/_form.html.erb:20: syntax error, unexpected ',', expecting literal content or terminator or tSTRING_DBEG or tSTRING_DVAR
app/views/articles/_form.html.erb:21: syntax error, unexpected ',', expecting literal content or terminator or tSTRING_DBEG or tSTRING_DVAR
app/views/articles/_form.html.erb:32: syntax error, unexpected `end', expecting ')'
app/views/articles/_form.html.erb:34: syntax error, unexpected `end', expecting ')'
app/views/articles/_form.html.erb:20: syntax error, unexpected ',', expecting literal content or terminator or tSTRING_DBEG or tSTRING_DVAR
app/views/articles/_form.html.erb:21: syntax error, unexpected ',', expecting literal content or terminator or tSTRING_DBEG or tSTRING_DVAR
app/views/articles/_form.html.erb:32: syntax error, unexpected `end', expecting ')'
app/views/articles/_form.html.erb:34: syntax error, unexpected `end', expecting ')'
app/views/articles/_form.html.erb:20: syntax error, unexpected ',', expecting literal content or terminator or tSTRING_DBEG or tSTRING_DVAR
app/views/articles/_form.html.erb:21: syntax error, unexpected ',', expecting literal content or terminator or tSTRING_DBEG or tSTRING_DVAR
app/views/articles/_form.html.erb:32: syntax error, unexpected `end', expecting ')'
app/views/articles/_form.html.erb:34: syntax error, unexpected `end', expecting ')'
app/views/articles/new.html.erb:3
Started POST "/__web_console/repl_sessions/6eb848fb0a5c1513f7ec08528c4a9332/trace" for ::1 at 2023-08-10 12:52:24 +0530
Started POST "/__web_console/repl_sessions/6eb848fb0a5c1513f7ec08528c4a9332/trace" for ::1 at 2023-08-10 12:52:27 +0530
Started POST "/__web_console/repl_sessions/6eb848fb0a5c1513f7ec08528c4a9332/trace" for ::1 at 2023-08-10 12:52:28 +0530
Started POST "/__web_console/repl_sessions/6eb848fb0a5c1513f7ec08528c4a9332/trace" for ::1 at 2023-08-10 12:52:32 +0530
Started POST "/__web_console/repl_sessions/6eb848fb0a5c1513f7ec08528c4a9332/trace" for ::1 at 2023-08-10 12:55:01 +0530
Started POST "/__web_console/repl_sessions/6eb848fb0a5c1513f7ec08528c4a9332/trace" for ::1 at 2023-08-10 12:55:03 +0530
Started POST "/__web_console/repl_sessions/6eb848fb0a5c1513f7ec08528c4a9332/trace" for ::1 at 2023-08-10 12:55:04 +0530
Started GET "/articles/new" for ::1 at 2023-08-10 12:55:11 +0530
Processing by ArticlesController#new as HTML
  Rendering layout layouts/application.html.erb
  Rendering articles/new.html.erb within layouts/application
  Rendered articles/_form.html.erb (Duration: 11.9ms | Allocations: 11326)
  Rendered articles/new.html.erb within layouts/application (Duration: 12.7ms | Allocations: 11689)
  Rendered layout layouts/application.html.erb (Duration: 15.3ms | Allocations: 14347)
Completed 200 OK in 17ms (Views: 16.5ms | ActiveRecord: 0.0ms | Allocations: 15603)


Started POST "/articles" for ::1 at 2023-08-10 12:55:15 +0530
Processing by ArticlesController#create as TURBO_STREAM
  Parameters: {"authenticity_token"=>"[FILTERED]", "article"=>{"title"=>"dsfds", "description"=>"dsfds"}, "commit"=>"Create Article"}
  [1m[36mTRANSACTION (0.0ms)[0m  [1m[36mbegin transaction[0m
  ↳ app/controllers/articles_controller.rb:27:in `block in create'
  [1m[36mArticle Create (0.3ms)[0m  [1m[32mINSERT INTO "articles" ("title", "price", "description", "created_at", "updated_at") VALUES (?, ?, ?, ?, ?)[0m  [["title", "dsfds"], ["price", nil], ["description", "dsfds"], ["created_at", "2023-08-10 07:25:15.704422"], ["updated_at", "2023-08-10 07:25:15.704422"]]
  ↳ app/controllers/articles_controller.rb:27:in `block in create'
  [1m[36mTRANSACTION (2.9ms)[0m  [1m[36mcommit transaction[0m
  ↳ app/controllers/articles_controller.rb:27:in `block in create'
Redirected to http://[::1]:3000/articles/1
Completed 302 Found in 9ms (ActiveRecord: 3.3ms | Allocations: 4048)


Started GET "/articles/1" for ::1 at 2023-08-10 12:55:15 +0530
Processing by ArticlesController#show as TURBO_STREAM
  Parameters: {"id"=>"1"}
  [1m[36mArticle Load (0.2ms)[0m  [1m[34mSELECT "articles".* FROM "articles" WHERE "articles"."id" = ? LIMIT ?[0m  [["id", 1], ["LIMIT", 1]]
  ↳ app/controllers/articles_controller.rb:63:in `set_article'
  Rendering layout layouts/application.html.erb
  Rendering articles/show.html.erb within layouts/application
  Rendered articles/_article.html.erb (Duration: 0.9ms | Allocations: 1237)
  Rendered articles/show.html.erb within layouts/application (Duration: 2.9ms | Allocations: 2362)
  Rendered layout layouts/application.html.erb (Duration: 3.1ms | Allocations: 2436)
Completed 500 Internal Server Error in 6ms (ActiveRecord: 0.2ms | Allocations: 5504)


  
ActionView::SyntaxErrorInTemplate (Encountered a syntax error while rendering template: check <div id="<%= dom_id article %>">
  <p>
    <strong>Title:</strong>
    <%= article.title %>
  </p>

  <p>
    <strong>,:</strong>
    <%= article., %>
  </p>

  <p>
    <strong>Description:</strong>
    <%= article.description %>
  </p>

</div>

):
1:    <div id="<%= dom_id article %>">
2:      <p>
3:        <strong>Title:</strong>
4:        <%= article.title %>
5:      </p>
6:    
7:      <p>
8:        <strong>,:</strong>
9:        <%= article., %>
10:      </p>
11:    
12:      <p>
13:        <strong>Description:</strong>
14:        <%= article.description %>
15:      </p>
16:    
17:    </div>
  
app/views/articles/_article.html.erb:9: syntax error, unexpected ','
app/views/articles/_article.html.erb:20: syntax error, unexpected `end', expecting ')'
app/views/articles/_article.html.erb:9: syntax error, unexpected ','
app/views/articles/_article.html.erb:20: syntax error, unexpected `end', expecting ')'
app/views/articles/_article.html.erb:9: syntax error, unexpected ','
app/views/articles/_article.html.erb:20: syntax error, unexpected `end', expecting ')'
app/views/articles/_article.html.erb:9: syntax error, unexpected ','
app/views/articles/_article.html.erb:20: syntax error, unexpected `end', expecting ')'
app/views/articles/_article.html.erb:9: syntax error, unexpected ','
app/views/articles/_article.html.erb:20: syntax error, unexpected `end', expecting ')'
app/views/articles/_article.html.erb:9: syntax error, unexpected ','
app/views/articles/_article.html.erb:20: syntax error, unexpected `end', expecting ')'
app/views/articles/show.html.erb:3
Started GET "/articles/new" for ::1 at 2023-08-10 12:55:51 +0530
Processing by ArticlesController#new as HTML
  Rendering layout layouts/application.html.erb
  Rendering articles/new.html.erb within layouts/application
  Rendered articles/_form.html.erb (Duration: 2.4ms | Allocations: 1637)
  Rendered articles/new.html.erb within layouts/application (Duration: 3.3ms | Allocations: 1987)
  Rendered layout layouts/application.html.erb (Duration: 6.2ms | Allocations: 4607)
Completed 200 OK in 8ms (Views: 7.3ms | ActiveRecord: 0.0ms | Allocations: 5834)


Started POST "/articles" for ::1 at 2023-08-10 12:55:54 +0530
Processing by ArticlesController#create as TURBO_STREAM
  Parameters: {"authenticity_token"=>"[FILTERED]", "article"=>{"title"=>"sdfad", "description"=>"dfssdffds"}, "commit"=>"Create Article"}
  [1m[36mTRANSACTION (0.1ms)[0m  [1m[36mbegin transaction[0m
  ↳ app/controllers/articles_controller.rb:27:in `block in create'
  [1m[36mArticle Create (0.3ms)[0m  [1m[32mINSERT INTO "articles" ("title", "price", "description", "created_at", "updated_at") VALUES (?, ?, ?, ?, ?)[0m  [["title", "sdfad"], ["price", nil], ["description", "dfssdffds"], ["created_at", "2023-08-10 07:25:54.303271"], ["updated_at", "2023-08-10 07:25:54.303271"]]
  ↳ app/controllers/articles_controller.rb:27:in `block in create'
  [1m[36mTRANSACTION (3.3ms)[0m  [1m[36mcommit transaction[0m
  ↳ app/controllers/articles_controller.rb:27:in `block in create'
Redirected to http://[::1]:3000/articles/2
Completed 302 Found in 8ms (ActiveRecord: 3.7ms | Allocations: 2424)


Started GET "/articles/2" for ::1 at 2023-08-10 12:55:54 +0530
Processing by ArticlesController#show as TURBO_STREAM
  Parameters: {"id"=>"2"}
  [1m[36mArticle Load (0.1ms)[0m  [1m[34mSELECT "articles".* FROM "articles" WHERE "articles"."id" = ? LIMIT ?[0m  [["id", 2], ["LIMIT", 1]]
  ↳ app/controllers/articles_controller.rb:63:in `set_article'
  Rendering layout layouts/application.html.erb
  Rendering articles/show.html.erb within layouts/application
  Rendered articles/_article.html.erb (Duration: 1.0ms | Allocations: 225)
  Rendered articles/show.html.erb within layouts/application (Duration: 3.6ms | Allocations: 1214)
  Rendered layout layouts/application.html.erb (Duration: 6.7ms | Allocations: 3406)
Completed 200 OK in 9ms (Views: 7.2ms | ActiveRecord: 0.1ms | Allocations: 4327)


Started GET "/articles" for ::1 at 2023-08-10 12:55:59 +0530
Processing by ArticlesController#index as HTML
  Rendering layout layouts/application.html.erb
  Rendering articles/index.html.erb within layouts/application
  [1m[36mArticle Load (0.1ms)[0m  [1m[34mSELECT "articles".* FROM "articles"[0m
  ↳ app/views/articles/index.html.erb:6
  Rendered articles/_article.html.erb (Duration: 0.1ms | Allocations: 19)
  Rendered articles/_article.html.erb (Duration: 0.0ms | Allocations: 18)
  Rendered articles/index.html.erb within layouts/application (Duration: 2.3ms | Allocations: 1274)
  Rendered layout layouts/application.html.erb (Duration: 6.1ms | Allocations: 3472)
Completed 200 OK in 7ms (Views: 6.5ms | ActiveRecord: 0.1ms | Allocations: 3880)


Started GET "/articles/new" for ::1 at 2023-08-10 12:56:04 +0530
Processing by ArticlesController#new as HTML
  Rendering layout layouts/application.html.erb
  Rendering articles/new.html.erb within layouts/application
  Rendered articles/_form.html.erb (Duration: 1.5ms | Allocations: 1004)
  Rendered articles/new.html.erb within layouts/application (Duration: 1.8ms | Allocations: 1089)
  Rendered layout layouts/application.html.erb (Duration: 4.5ms | Allocations: 3275)
Completed 200 OK in 5ms (Views: 4.9ms | ActiveRecord: 0.0ms | Allocations: 3615)


Started POST "/articles" for ::1 at 2023-08-10 12:56:07 +0530
Processing by ArticlesController#create as TURBO_STREAM
  Parameters: {"authenticity_token"=>"[FILTERED]", "article"=>{"title"=>"asdas", "description"=>"asdcasds"}, "commit"=>"Create Article"}
  [1m[36mTRANSACTION (0.0ms)[0m  [1m[36mbegin transaction[0m
  ↳ app/controllers/articles_controller.rb:27:in `block in create'
  [1m[36mArticle Create (0.2ms)[0m  [1m[32mINSERT INTO "articles" ("title", "price", "description", "created_at", "updated_at") VALUES (?, ?, ?, ?, ?)[0m  [["title", "asdas"], ["price", nil], ["description", "asdcasds"], ["created_at", "2023-08-10 07:26:07.246360"], ["updated_at", "2023-08-10 07:26:07.246360"]]
  ↳ app/controllers/articles_controller.rb:27:in `block in create'
  [1m[36mTRANSACTION (2.9ms)[0m  [1m[36mcommit transaction[0m
  ↳ app/controllers/articles_controller.rb:27:in `block in create'
Redirected to http://[::1]:3000/articles/3
Completed 302 Found in 8ms (ActiveRecord: 3.1ms | Allocations: 2237)


Started GET "/articles/3" for ::1 at 2023-08-10 12:56:07 +0530
Processing by ArticlesController#show as TURBO_STREAM
  Parameters: {"id"=>"3"}
  [1m[36mArticle Load (0.1ms)[0m  [1m[34mSELECT "articles".* FROM "articles" WHERE "articles"."id" = ? LIMIT ?[0m  [["id", 3], ["LIMIT", 1]]
  ↳ app/controllers/articles_controller.rb:63:in `set_article'
  Rendering layout layouts/application.html.erb
  Rendering articles/show.html.erb within layouts/application
  Rendered articles/_article.html.erb (Duration: 0.1ms | Allocations: 19)
  Rendered articles/show.html.erb within layouts/application (Duration: 1.3ms | Allocations: 642)
  Rendered layout layouts/application.html.erb (Duration: 3.8ms | Allocations: 2819)
Completed 200 OK in 6ms (Views: 4.2ms | ActiveRecord: 0.1ms | Allocations: 3584)


Started GET "/articles" for ::1 at 2023-08-10 12:56:08 +0530
Processing by ArticlesController#index as HTML
  Rendering layout layouts/application.html.erb
  Rendering articles/index.html.erb within layouts/application
  [1m[36mArticle Load (0.1ms)[0m  [1m[34mSELECT "articles".* FROM "articles"[0m
  ↳ app/views/articles/index.html.erb:6
  Rendered articles/_article.html.erb (Duration: 0.1ms | Allocations: 19)
  Rendered articles/_article.html.erb (Duration: 0.0ms | Allocations: 18)
  Rendered articles/_article.html.erb (Duration: 0.0ms | Allocations: 18)
  Rendered articles/index.html.erb within layouts/application (Duration: 2.6ms | Allocations: 1155)
  Rendered layout layouts/application.html.erb (Duration: 7.0ms | Allocations: 3353)
Completed 200 OK in 8ms (Views: 7.5ms | ActiveRecord: 0.1ms | Allocations: 3682)


Started GET "/articles/3" for ::1 at 2023-08-10 12:56:23 +0530
Processing by ArticlesController#show as HTML
  Parameters: {"id"=>"3"}
  [1m[36mArticle Load (0.1ms)[0m  [1m[34mSELECT "articles".* FROM "articles" WHERE "articles"."id" = ? LIMIT ?[0m  [["id", 3], ["LIMIT", 1]]
  ↳ app/controllers/articles_controller.rb:63:in `set_article'
  Rendering layout layouts/application.html.erb
  Rendering articles/show.html.erb within layouts/application
  Rendered articles/_article.html.erb (Duration: 0.1ms | Allocations: 19)
  Rendered articles/show.html.erb within layouts/application (Duration: 1.2ms | Allocations: 601)
  Rendered layout layouts/application.html.erb (Duration: 4.7ms | Allocations: 2778)
Completed 200 OK in 7ms (Views: 5.2ms | ActiveRecord: 0.1ms | Allocations: 3539)


Started GET "/articles/3/edit" for ::1 at 2023-08-10 12:56:25 +0530
Processing by ArticlesController#edit as HTML
  Parameters: {"id"=>"3"}
  [1m[36mArticle Load (0.1ms)[0m  [1m[34mSELECT "articles".* FROM "articles" WHERE "articles"."id" = ? LIMIT ?[0m  [["id", 3], ["LIMIT", 1]]
  ↳ app/controllers/articles_controller.rb:63:in `set_article'
  Rendering layout layouts/application.html.erb
  Rendering articles/edit.html.erb within layouts/application
  Rendered articles/_form.html.erb (Duration: 1.6ms | Allocations: 1097)
  Rendered articles/edit.html.erb within layouts/application (Duration: 2.4ms | Allocations: 1400)
  Rendered layout layouts/application.html.erb (Duration: 5.1ms | Allocations: 3577)
Completed 200 OK in 7ms (Views: 5.6ms | ActiveRecord: 0.1ms | Allocations: 4392)


Started PATCH "/articles/3" for ::1 at 2023-08-10 12:56:27 +0530
Processing by ArticlesController#update as TURBO_STREAM
  Parameters: {"authenticity_token"=>"[FILTERED]", "article"=>{"title"=>"asdas", "description"=>"asdcasdsadssa"}, "commit"=>"Update Article", "id"=>"3"}
  [1m[36mArticle Load (0.1ms)[0m  [1m[34mSELECT "articles".* FROM "articles" WHERE "articles"."id" = ? LIMIT ?[0m  [["id", 3], ["LIMIT", 1]]
  ↳ app/controllers/articles_controller.rb:63:in `set_article'
  [1m[36mTRANSACTION (0.0ms)[0m  [1m[36mbegin transaction[0m
  ↳ app/controllers/articles_controller.rb:40:in `block in update'
  [1m[36mArticle Update (0.2ms)[0m  [1m[33mUPDATE "articles" SET "description" = ?, "updated_at" = ? WHERE "articles"."id" = ?[0m  [["description", "asdcasdsadssa"], ["updated_at", "2023-08-10 07:26:27.686834"], ["id", 3]]
  ↳ app/controllers/articles_controller.rb:40:in `block in update'
  [1m[36mTRANSACTION (2.8ms)[0m  [1m[36mcommit transaction[0m
  ↳ app/controllers/articles_controller.rb:40:in `block in update'
Redirected to http://[::1]:3000/articles/3
Completed 302 Found in 9ms (ActiveRecord: 3.1ms | Allocations: 2917)


Started GET "/articles/3" for ::1 at 2023-08-10 12:56:27 +0530
Processing by ArticlesController#show as TURBO_STREAM
  Parameters: {"id"=>"3"}
  [1m[36mArticle Load (0.1ms)[0m  [1m[34mSELECT "articles".* FROM "articles" WHERE "articles"."id" = ? LIMIT ?[0m  [["id", 3], ["LIMIT", 1]]
  ↳ app/controllers/articles_controller.rb:63:in `set_article'
  Rendering layout layouts/application.html.erb
  Rendering articles/show.html.erb within layouts/application
  Rendered articles/_article.html.erb (Duration: 0.1ms | Allocations: 19)
  Rendered articles/show.html.erb within layouts/application (Duration: 1.1ms | Allocations: 644)
  Rendered layout layouts/application.html.erb (Duration: 4.0ms | Allocations: 2821)
Completed 200 OK in 6ms (Views: 4.4ms | ActiveRecord: 0.1ms | Allocations: 3585)


Started GET "/articles" for ::1 at 2023-08-10 12:56:29 +0530
Processing by ArticlesController#index as HTML
  Rendering layout layouts/application.html.erb
  Rendering articles/index.html.erb within layouts/application
  [1m[36mArticle Load (0.1ms)[0m  [1m[34mSELECT "articles".* FROM "articles"[0m
  ↳ app/views/articles/index.html.erb:6
  Rendered articles/_article.html.erb (Duration: 0.1ms | Allocations: 19)
  Rendered articles/_article.html.erb (Duration: 0.0ms | Allocations: 18)
  Rendered articles/_article.html.erb (Duration: 0.0ms | Allocations: 18)
  Rendered articles/index.html.erb within layouts/application (Duration: 2.0ms | Allocations: 1142)
  Rendered layout layouts/application.html.erb (Duration: 5.0ms | Allocations: 3340)
Completed 200 OK in 6ms (Views: 5.4ms | ActiveRecord: 0.1ms | Allocations: 3669)


Started DELETE "/articles/3" for ::1 at 2023-08-10 12:58:02 +0530
Processing by ArticlesController#destroy as TURBO_STREAM
  Parameters: {"authenticity_token"=>"[FILTERED]", "id"=>"3"}
  [1m[36mArticle Load (0.1ms)[0m  [1m[34mSELECT "articles".* FROM "articles" WHERE "articles"."id" = ? LIMIT ?[0m  [["id", 3], ["LIMIT", 1]]
  ↳ app/controllers/articles_controller.rb:63:in `set_article'
  [1m[36mTRANSACTION (0.0ms)[0m  [1m[36mbegin transaction[0m
  ↳ app/controllers/articles_controller.rb:52:in `destroy'
  [1m[36mArticle Destroy (0.2ms)[0m  [1m[31mDELETE FROM "articles" WHERE "articles"."id" = ?[0m  [["id", 3]]
  ↳ app/controllers/articles_controller.rb:52:in `destroy'
  [1m[36mTRANSACTION (2.6ms)[0m  [1m[36mcommit transaction[0m
  ↳ app/controllers/articles_controller.rb:52:in `destroy'
Redirected to http://[::1]:3000/articles
Completed 302 Found in 7ms (ActiveRecord: 2.9ms | Allocations: 2367)


Started GET "/articles" for ::1 at 2023-08-10 12:58:02 +0530
Processing by ArticlesController#index as TURBO_STREAM
  Rendering layout layouts/application.html.erb
  Rendering articles/index.html.erb within layouts/application
  [1m[36mArticle Load (0.1ms)[0m  [1m[34mSELECT "articles".* FROM "articles"[0m
  ↳ app/views/articles/index.html.erb:6
  Rendered articles/_article.html.erb (Duration: 0.1ms | Allocations: 19)
  Rendered articles/_article.html.erb (Duration: 0.1ms | Allocations: 18)
  Rendered articles/index.html.erb within layouts/application (Duration: 2.0ms | Allocations: 1041)
  Rendered layout layouts/application.html.erb (Duration: 5.4ms | Allocations: 3239)
Completed 200 OK in 6ms (Views: 6.0ms | ActiveRecord: 0.1ms | Allocations: 3571)


Started GET "/articles/1" for ::1 at 2023-08-10 12:58:07 +0530
Processing by ArticlesController#show as HTML
  Parameters: {"id"=>"1"}
  [1m[36mArticle Load (0.1ms)[0m  [1m[34mSELECT "articles".* FROM "articles" WHERE "articles"."id" = ? LIMIT ?[0m  [["id", 1], ["LIMIT", 1]]
  ↳ app/controllers/articles_controller.rb:63:in `set_article'
  Rendering layout layouts/application.html.erb
  Rendering articles/show.html.erb within layouts/application
  Rendered articles/_article.html.erb (Duration: 0.1ms | Allocations: 19)
  Rendered articles/show.html.erb within layouts/application (Duration: 1.0ms | Allocations: 611)
  Rendered layout layouts/application.html.erb (Duration: 3.9ms | Allocations: 2788)
Completed 200 OK in 6ms (Views: 4.4ms | ActiveRecord: 0.1ms | Allocations: 3549)


Started DELETE "/articles/1" for ::1 at 2023-08-10 12:58:07 +0530
Processing by ArticlesController#destroy as TURBO_STREAM
  Parameters: {"authenticity_token"=>"[FILTERED]", "id"=>"1"}
  [1m[36mArticle Load (0.1ms)[0m  [1m[34mSELECT "articles".* FROM "articles" WHERE "articles"."id" = ? LIMIT ?[0m  [["id", 1], ["LIMIT", 1]]
  ↳ app/controllers/articles_controller.rb:63:in `set_article'
  [1m[36mTRANSACTION (0.0ms)[0m  [1m[36mbegin transaction[0m
  ↳ app/controllers/articles_controller.rb:52:in `destroy'
  [1m[36mArticle Destroy (0.2ms)[0m  [1m[31mDELETE FROM "articles" WHERE "articles"."id" = ?[0m  [["id", 1]]
  ↳ app/controllers/articles_controller.rb:52:in `destroy'
  [1m[36mTRANSACTION (2.8ms)[0m  [1m[36mcommit transaction[0m
  ↳ app/controllers/articles_controller.rb:52:in `destroy'
Redirected to http://[::1]:3000/articles
Completed 302 Found in 7ms (ActiveRecord: 3.1ms | Allocations: 2281)


Started GET "/articles" for ::1 at 2023-08-10 12:58:07 +0530
Processing by ArticlesController#index as TURBO_STREAM
  Rendering layout layouts/application.html.erb
  Rendering articles/index.html.erb within layouts/application
  [1m[36mArticle Load (0.1ms)[0m  [1m[34mSELECT "articles".* FROM "articles"[0m
  ↳ app/views/articles/index.html.erb:6
  Rendered articles/_article.html.erb (Duration: 0.1ms | Allocations: 19)
  Rendered articles/index.html.erb within layouts/application (Duration: 1.8ms | Allocations: 915)
  Rendered layout layouts/application.html.erb (Duration: 4.6ms | Allocations: 3113)
Completed 200 OK in 6ms (Views: 4.9ms | ActiveRecord: 0.1ms | Allocations: 3445)


Started GET "/articles/2" for ::1 at 2023-08-10 12:58:08 +0530
Processing by ArticlesController#show as HTML
  Parameters: {"id"=>"2"}
  [1m[36mArticle Load (0.1ms)[0m  [1m[34mSELECT "articles".* FROM "articles" WHERE "articles"."id" = ? LIMIT ?[0m  [["id", 2], ["LIMIT", 1]]
  ↳ app/controllers/articles_controller.rb:63:in `set_article'
  Rendering layout layouts/application.html.erb
  Rendering articles/show.html.erb within layouts/application
  Rendered articles/_article.html.erb (Duration: 0.1ms | Allocations: 19)
  Rendered articles/show.html.erb within layouts/application (Duration: 1.1ms | Allocations: 609)
  Rendered layout layouts/application.html.erb (Duration: 4.3ms | Allocations: 2786)
Completed 200 OK in 6ms (Views: 4.8ms | ActiveRecord: 0.1ms | Allocations: 3547)


Started DELETE "/articles/2" for ::1 at 2023-08-10 12:58:09 +0530
Processing by ArticlesController#destroy as TURBO_STREAM
  Parameters: {"authenticity_token"=>"[FILTERED]", "id"=>"2"}
  [1m[36mArticle Load (0.1ms)[0m  [1m[34mSELECT "articles".* FROM "articles" WHERE "articles"."id" = ? LIMIT ?[0m  [["id", 2], ["LIMIT", 1]]
  ↳ app/controllers/articles_controller.rb:63:in `set_article'
  [1m[36mTRANSACTION (0.0ms)[0m  [1m[36mbegin transaction[0m
  ↳ app/controllers/articles_controller.rb:52:in `destroy'
  [1m[36mArticle Destroy (0.2ms)[0m  [1m[31mDELETE FROM "articles" WHERE "articles"."id" = ?[0m  [["id", 2]]
  ↳ app/controllers/articles_controller.rb:52:in `destroy'
  [1m[36mTRANSACTION (2.8ms)[0m  [1m[36mcommit transaction[0m
  ↳ app/controllers/articles_controller.rb:52:in `destroy'
Redirected to http://[::1]:3000/articles
Completed 302 Found in 7ms (ActiveRecord: 3.1ms | Allocations: 2281)


Started GET "/articles" for ::1 at 2023-08-10 12:58:09 +0530
Processing by ArticlesController#index as TURBO_STREAM
  Rendering layout layouts/application.html.erb
  Rendering articles/index.html.erb within layouts/application
  [1m[36mArticle Load (0.1ms)[0m  [1m[34mSELECT "articles".* FROM "articles"[0m
  ↳ app/views/articles/index.html.erb:6
  Rendered articles/index.html.erb within layouts/application (Duration: 1.4ms | Allocations: 756)
  Rendered layout layouts/application.html.erb (Duration: 3.4ms | Allocations: 2954)
Completed 200 OK in 4ms (Views: 3.9ms | ActiveRecord: 0.1ms | Allocations: 3286)


Started GET "/articles" for ::1 at 2023-08-10 12:58:13 +0530
Processing by ArticlesController#index as HTML
  Rendering layout layouts/application.html.erb
  Rendering articles/index.html.erb within layouts/application
  [1m[36mArticle Load (0.1ms)[0m  [1m[34mSELECT "articles".* FROM "articles"[0m
  ↳ app/views/articles/index.html.erb:6
  Rendered articles/index.html.erb within layouts/application (Duration: 1.4ms | Allocations: 746)
  Rendered layout layouts/application.html.erb (Duration: 4.0ms | Allocations: 2944)
Completed 200 OK in 5ms (Views: 4.3ms | ActiveRecord: 0.1ms | Allocations: 3271)


Started GET "/articles" for ::1 at 2023-08-10 12:58:14 +0530
Processing by ArticlesController#index as HTML
  Rendering layout layouts/application.html.erb
  Rendering articles/index.html.erb within layouts/application
  [1m[36mArticle Load (0.1ms)[0m  [1m[34mSELECT "articles".* FROM "articles"[0m
  ↳ app/views/articles/index.html.erb:6
  Rendered articles/index.html.erb within layouts/application (Duration: 1.3ms | Allocations: 736)
  Rendered layout layouts/application.html.erb (Duration: 3.9ms | Allocations: 2934)
Completed 200 OK in 5ms (Views: 4.3ms | ActiveRecord: 0.1ms | Allocations: 3261)


  [1m[36mArticle Load (0.1ms)[0m  [1m[34mSELECT "articles".* FROM "articles"[0m
  [1m[36mActiveRecord::SchemaMigration Pluck (0.1ms)[0m  [1m[34mSELECT "schema_migrations"."version" FROM "schema_migrations" ORDER BY "schema_migrations"."version" ASC[0m
Migrating to User (20230810110349)
  [1m[36mTRANSACTION (0.1ms)[0m  [1m[36mbegin transaction[0m
  [1m[35m (0.3ms)[0m  [1m[35mCREATE TABLE "user" ("id" integer PRIMARY KEY AUTOINCREMENT NOT NULL, "title" varchar, "price" float, "description" text)[0m
  [1m[36mActiveRecord::SchemaMigration Create (0.1ms)[0m  [1m[32mINSERT INTO "schema_migrations" ("version") VALUES (?)[0m  [["version", "20230810110349"]]
  [1m[36mTRANSACTION (3.5ms)[0m  [1m[36mcommit transaction[0m
  [1m[36mActiveRecord::InternalMetadata Load (0.1ms)[0m  [1m[34mSELECT "ar_internal_metadata".* FROM "ar_internal_metadata" WHERE "ar_internal_metadata"."key" = ? LIMIT ?[0m  [["key", "environment"], ["LIMIT", 1]]
  [1m[36mActiveRecord::SchemaMigration Pluck (0.1ms)[0m  [1m[34mSELECT "schema_migrations"."version" FROM "schema_migrations" ORDER BY "schema_migrations"."version" ASC[0m
  [1m[36mUser Load (0.3ms)[0m  [1m[34mSELECT "users".* FROM "users"[0m
  [1m[36mUser Load (0.2ms)[0m  [1m[34mSELECT "users".* FROM "users"[0m
  [1m[36mUser Load (0.3ms)[0m  [1m[34mSELECT "users".* FROM "users"[0m
  [1m[36mUser Load (0.2ms)[0m  [1m[34mSELECT "users".* FROM "users"[0m
  [1m[36mUser Load (0.2ms)[0m  [1m[34mSELECT "users".* FROM "users"[0m
  [1m[36mActiveRecord::SchemaMigration Pluck (0.1ms)[0m  [1m[34mSELECT "schema_migrations"."version" FROM "schema_migrations" ORDER BY "schema_migrations"."version" ASC[0m
  [1m[36mActiveRecord::SchemaMigration Pluck (0.0ms)[0m  [1m[34mSELECT "schema_migrations"."version" FROM "schema_migrations" ORDER BY "schema_migrations"."version" ASC[0m
  [1m[36mActiveRecord::SchemaMigration Pluck (0.0ms)[0m  [1m[34mSELECT "schema_migrations"."version" FROM "schema_migrations" ORDER BY "schema_migrations"."version" ASC[0m
  [1m[36mActiveRecord::SchemaMigration Pluck (0.0ms)[0m  [1m[34mSELECT "schema_migrations"."version" FROM "schema_migrations" ORDER BY "schema_migrations"."version" ASC[0m
Migrating to User (20230810110349)
  [1m[36mActiveRecord::SchemaMigration Pluck (0.1ms)[0m  [1m[34mSELECT "schema_migrations"."version" FROM "schema_migrations" ORDER BY "schema_migrations"."version" ASC[0m
  [1m[36mActiveRecord::SchemaMigration Pluck (0.0ms)[0m  [1m[34mSELECT "schema_migrations"."version" FROM "schema_migrations" ORDER BY "schema_migrations"."version" ASC[0m
  [1m[36mActiveRecord::SchemaMigration Pluck (0.0ms)[0m  [1m[34mSELECT "schema_migrations"."version" FROM "schema_migrations" ORDER BY "schema_migrations"."version" ASC[0m
  [1m[36mActiveRecord::SchemaMigration Pluck (0.0ms)[0m  [1m[34mSELECT "schema_migrations"."version" FROM "schema_migrations" ORDER BY "schema_migrations"."version" ASC[0m
Migrating to User (20230810110349)
  [1m[36mTRANSACTION (0.1ms)[0m  [1m[36mbegin transaction[0m
  [1m[35m (0.3ms)[0m  [1m[35mDROP TABLE "user"[0m
  [1m[36mActiveRecord::SchemaMigration Delete All (0.1ms)[0m  [1m[31mDELETE FROM "schema_migrations" WHERE "schema_migrations"."version" = ?[0m  [["version", "20230810110349"]]
  [1m[36mTRANSACTION (3.6ms)[0m  [1m[36mcommit transaction[0m
  [1m[36mActiveRecord::SchemaMigration Pluck (0.1ms)[0m  [1m[34mSELECT "schema_migrations"."version" FROM "schema_migrations" ORDER BY "schema_migrations"."version" ASC[0m
  [1m[36mActiveRecord::SchemaMigration Pluck (0.1ms)[0m  [1m[34mSELECT "schema_migrations"."version" FROM "schema_migrations" ORDER BY "schema_migrations"."version" ASC[0m
Migrating to Users (20230810111021)
  [1m[36mTRANSACTION (0.1ms)[0m  [1m[36mbegin transaction[0m
  [1m[35m (0.3ms)[0m  [1m[35mCREATE TABLE "users" ("id" integer PRIMARY KEY AUTOINCREMENT NOT NULL, "title" varchar, "price" float, "description" text, "created_at" datetime(6) NOT NULL, "updated_at" datetime(6) NOT NULL)[0m
  [1m[36mActiveRecord::SchemaMigration Create (0.2ms)[0m  [1m[32mINSERT INTO "schema_migrations" ("version") VALUES (?)[0m  [["version", "20230810111021"]]
  [1m[36mTRANSACTION (2.7ms)[0m  [1m[36mcommit transaction[0m
  [1m[36mActiveRecord::InternalMetadata Load (0.1ms)[0m  [1m[34mSELECT "ar_internal_metadata".* FROM "ar_internal_metadata" WHERE "ar_internal_metadata"."key" = ? LIMIT ?[0m  [["key", "environment"], ["LIMIT", 1]]
  [1m[36mActiveRecord::SchemaMigration Pluck (0.1ms)[0m  [1m[34mSELECT "schema_migrations"."version" FROM "schema_migrations" ORDER BY "schema_migrations"."version" ASC[0m
  [1m[36mUser Load (0.1ms)[0m  [1m[34mSELECT "users".* FROM "users"[0m
  [1m[36mTRANSACTION (0.1ms)[0m  [1m[36mbegin transaction[0m
  [1m[36mUser Create (0.2ms)[0m  [1m[32mINSERT INTO "users" ("title", "price", "description", "created_at", "updated_at") VALUES (?, ?, ?, ?, ?)[0m  [["title", nil], ["price", nil], ["description", nil], ["created_at", "2023-08-10 11:12:58.362598"], ["updated_at", "2023-08-10 11:12:58.362598"]]
  [1m[36mTRANSACTION (2.9ms)[0m  [1m[36mcommit transaction[0m
Started GET "/" for ::1 at 2023-08-16 11:44:25 +0530
  [1m[36mActiveRecord::SchemaMigration Pluck (0.2ms)[0m  [1m[34mSELECT "schema_migrations"."version" FROM "schema_migrations" ORDER BY "schema_migrations"."version" ASC[0m
Processing by Rails::WelcomeController#index as HTML
  Rendering /var/lib/gems/3.0.0/gems/railties-7.0.7/lib/rails/templates/rails/welcome/index.html.erb
  Rendered /var/lib/gems/3.0.0/gems/railties-7.0.7/lib/rails/templates/rails/welcome/index.html.erb (Duration: 2.4ms | Allocations: 826)
Completed 200 OK in 16ms (Views: 6.0ms | ActiveRecord: 0.0ms | Allocations: 7787)


Started GET "/home" for ::1 at 2023-08-16 11:44:31 +0530
Processing by ArticlesController#home as HTML
  Rendering layout layouts/application.html.erb
  Rendering articles/home.html.erb within layouts/application
  Rendered articles/home.html.erb within layouts/application (Duration: 0.6ms | Allocations: 239)
  Rendered layout layouts/application.html.erb (Duration: 2196.6ms | Allocations: 160678)
Completed 200 OK in 2200ms (Views: 2198.5ms | ActiveRecord: 0.0ms | Allocations: 162044)


Started GET "/" for ::1 at 2023-08-16 11:44:36 +0530
Processing by Rails::WelcomeController#index as HTML
  Rendering /var/lib/gems/3.0.0/gems/railties-7.0.7/lib/rails/templates/rails/welcome/index.html.erb
  Rendered /var/lib/gems/3.0.0/gems/railties-7.0.7/lib/rails/templates/rails/welcome/index.html.erb (Duration: 1.0ms | Allocations: 491)
Completed 200 OK in 3ms (Views: 2.0ms | ActiveRecord: 0.0ms | Allocations: 1452)


Started GET "/" for ::1 at 2023-08-16 11:44:36 +0530
Processing by Rails::WelcomeController#index as HTML
  Rendering /var/lib/gems/3.0.0/gems/railties-7.0.7/lib/rails/templates/rails/welcome/index.html.erb
  Rendered /var/lib/gems/3.0.0/gems/railties-7.0.7/lib/rails/templates/rails/welcome/index.html.erb (Duration: 0.1ms | Allocations: 15)
Completed 200 OK in 1ms (Views: 0.6ms | ActiveRecord: 0.0ms | Allocations: 299)


Started GET "/home" for ::1 at 2023-08-16 11:44:40 +0530
Processing by ArticlesController#home as HTML
  Rendering layout layouts/application.html.erb
  Rendering articles/home.html.erb within layouts/application
  Rendered articles/home.html.erb within layouts/application (Duration: 0.0ms | Allocations: 7)
  Rendered layout layouts/application.html.erb (Duration: 9.1ms | Allocations: 6012)
Completed 200 OK in 10ms (Views: 9.7ms | ActiveRecord: 0.0ms | Allocations: 6329)


Started GET "/" for ::1 at 2023-08-17 16:40:13 +0530
  [1m[36mActiveRecord::SchemaMigration Pluck (0.1ms)[0m  [1m[34mSELECT "schema_migrations"."version" FROM "schema_migrations" ORDER BY "schema_migrations"."version" ASC[0m
Processing by Rails::WelcomeController#index as HTML
  Rendering /var/lib/gems/3.0.0/gems/railties-7.0.7/lib/rails/templates/rails/welcome/index.html.erb
  Rendered /var/lib/gems/3.0.0/gems/railties-7.0.7/lib/rails/templates/rails/welcome/index.html.erb (Duration: 1.5ms | Allocations: 826)
Completed 200 OK in 15ms (Views: 4.6ms | ActiveRecord: 0.0ms | Allocations: 7786)


Started GET "/articles" for ::1 at 2023-08-17 16:40:16 +0530
Processing by ArticlesController#index as HTML
  Rendering layout layouts/application.html.erb
  Rendering articles/index.html.erb within layouts/application
  [1m[36mArticle Load (0.4ms)[0m  [1m[34mSELECT "articles".* FROM "articles"[0m
  ↳ app/views/articles/index.html.erb:6
  Rendered articles/index.html.erb within layouts/application (Duration: 7.1ms | Allocations: 1579)
  Rendered layout layouts/application.html.erb (Duration: 89.9ms | Allocations: 53819)
Completed 200 OK in 95ms (Views: 91.2ms | ActiveRecord: 0.4ms | Allocations: 55970)


Started GET "/articles/new" for ::1 at 2023-08-17 16:40:20 +0530
Processing by ArticlesController#new as HTML
  Rendering layout layouts/application.html.erb
  Rendering articles/new.html.erb within layouts/application
  Rendered articles/_form.html.erb (Duration: 4.4ms | Allocations: 3112)
  Rendered articles/new.html.erb within layouts/application (Duration: 5.2ms | Allocations: 3491)
  Rendered layout layouts/application.html.erb (Duration: 11.1ms | Allocations: 9203)
Completed 200 OK in 23ms (Views: 11.8ms | ActiveRecord: 0.4ms | Allocations: 25873)


Started POST "/articles" for ::1 at 2023-08-17 16:40:23 +0530
Processing by ArticlesController#create as TURBO_STREAM
  Parameters: {"authenticity_token"=>"[FILTERED]", "article"=>{"title"=>"dcvxxcvxcvcx", "description"=>"fasdfdsdfsdsf"}, "commit"=>"Create Article"}
  [1m[36mTRANSACTION (0.0ms)[0m  [1m[36mbegin transaction[0m
  ↳ app/controllers/articles_controller.rb:30:in `block in create'
  [1m[36mArticle Create (0.5ms)[0m  [1m[32mINSERT INTO "articles" ("title", "price", "description", "created_at", "updated_at") VALUES (?, ?, ?, ?, ?)[0m  [["title", "dcvxxcvxcvcx"], ["price", nil], ["description", "fasdfdsdfsdsf"], ["created_at", "2023-08-17 11:10:23.801130"], ["updated_at", "2023-08-17 11:10:23.801130"]]
  ↳ app/controllers/articles_controller.rb:30:in `block in create'
  [1m[36mTRANSACTION (3.1ms)[0m  [1m[36mcommit transaction[0m
  ↳ app/controllers/articles_controller.rb:30:in `block in create'
Redirected to http://[::1]:3000/articles/4
Completed 302 Found in 9ms (ActiveRecord: 3.7ms | Allocations: 4165)


Started GET "/articles/4" for ::1 at 2023-08-17 16:40:23 +0530
Processing by ArticlesController#show as TURBO_STREAM
  Parameters: {"id"=>"4"}
  [1m[36mArticle Load (0.1ms)[0m  [1m[34mSELECT "articles".* FROM "articles" WHERE "articles"."id" = ? LIMIT ?[0m  [["id", 4], ["LIMIT", 1]]
  ↳ app/controllers/articles_controller.rb:66:in `set_article'
  Rendering layout layouts/application.html.erb
  Rendering articles/show.html.erb within layouts/application
  Rendered articles/_article.html.erb (Duration: 0.5ms | Allocations: 269)
  Rendered articles/show.html.erb within layouts/application (Duration: 3.3ms | Allocations: 1719)
  Rendered layout layouts/application.html.erb (Duration: 8.0ms | Allocations: 7413)
Completed 200 OK in 12ms (Views: 8.7ms | ActiveRecord: 0.1ms | Allocations: 10533)


Started GET "/articles" for ::1 at 2023-08-17 16:40:27 +0530
Processing by ArticlesController#index as HTML
  Rendering layout layouts/application.html.erb
  Rendering articles/index.html.erb within layouts/application
  [1m[36mArticle Load (0.1ms)[0m  [1m[34mSELECT "articles".* FROM "articles"[0m
  ↳ app/views/articles/index.html.erb:6
  Rendered articles/_article.html.erb (Duration: 0.1ms | Allocations: 19)
  Rendered articles/index.html.erb within layouts/application (Duration: 1.6ms | Allocations: 989)
  Rendered layout layouts/application.html.erb (Duration: 8.5ms | Allocations: 6588)
Completed 200 OK in 9ms (Views: 8.8ms | ActiveRecord: 0.1ms | Allocations: 6949)


Started GET "/articles/new" for ::1 at 2023-08-17 16:40:31 +0530
Processing by ArticlesController#new as HTML
  Rendering layout layouts/application.html.erb
  Rendering articles/new.html.erb within layouts/application
  Rendered articles/_form.html.erb (Duration: 1.2ms | Allocations: 1071)
  Rendered articles/new.html.erb within layouts/application (Duration: 1.4ms | Allocations: 1157)
  Rendered layout layouts/application.html.erb (Duration: 7.2ms | Allocations: 6741)
Completed 200 OK in 8ms (Views: 7.6ms | ActiveRecord: 0.0ms | Allocations: 7080)


Started POST "/articles" for ::1 at 2023-08-17 16:40:34 +0530
Processing by ArticlesController#create as TURBO_STREAM
  Parameters: {"authenticity_token"=>"[FILTERED]", "article"=>{"title"=>"dsdfsdsd", "description"=>"dfsdasdfs"}, "commit"=>"Create Article"}
  [1m[36mTRANSACTION (0.1ms)[0m  [1m[36mbegin transaction[0m
  ↳ app/controllers/articles_controller.rb:30:in `block in create'
  [1m[36mArticle Create (0.2ms)[0m  [1m[32mINSERT INTO "articles" ("title", "price", "description", "created_at", "updated_at") VALUES (?, ?, ?, ?, ?)[0m  [["title", "dsdfsdsd"], ["price", nil], ["description", "dfsdasdfs"], ["created_at", "2023-08-17 11:10:34.773972"], ["updated_at", "2023-08-17 11:10:34.773972"]]
  ↳ app/controllers/articles_controller.rb:30:in `block in create'
  [1m[36mTRANSACTION (272.2ms)[0m  [1m[36mcommit transaction[0m
  ↳ app/controllers/articles_controller.rb:30:in `block in create'
Redirected to http://[::1]:3000/articles/5
Completed 302 Found in 277ms (ActiveRecord: 272.5ms | Allocations: 2352)


Started GET "/articles/5" for ::1 at 2023-08-17 16:40:35 +0530
Processing by ArticlesController#show as TURBO_STREAM
  Parameters: {"id"=>"5"}
  [1m[36mArticle Load (0.1ms)[0m  [1m[34mSELECT "articles".* FROM "articles" WHERE "articles"."id" = ? LIMIT ?[0m  [["id", 5], ["LIMIT", 1]]
  ↳ app/controllers/articles_controller.rb:66:in `set_article'
  Rendering layout layouts/application.html.erb
  Rendering articles/show.html.erb within layouts/application
  Rendered articles/_article.html.erb (Duration: 0.1ms | Allocations: 19)
  Rendered articles/show.html.erb within layouts/application (Duration: 1.3ms | Allocations: 637)
  Rendered layout layouts/application.html.erb (Duration: 6.3ms | Allocations: 6219)
Completed 200 OK in 8ms (Views: 6.7ms | ActiveRecord: 0.1ms | Allocations: 6997)


Started GET "/articles" for ::1 at 2023-08-17 16:40:36 +0530
Processing by ArticlesController#index as HTML
  Rendering layout layouts/application.html.erb
  Rendering articles/index.html.erb within layouts/application
  [1m[36mArticle Load (0.1ms)[0m  [1m[34mSELECT "articles".* FROM "articles"[0m
  ↳ app/views/articles/index.html.erb:6
  Rendered articles/_article.html.erb (Duration: 0.1ms | Allocations: 19)
  Rendered articles/_article.html.erb (Duration: 0.0ms | Allocations: 18)
  Rendered articles/index.html.erb within layouts/application (Duration: 1.8ms | Allocations: 1011)
  Rendered layout layouts/application.html.erb (Duration: 7.7ms | Allocations: 6610)
Completed 200 OK in 8ms (Views: 8.0ms | ActiveRecord: 0.1ms | Allocations: 6939)


Started GET "/articles/new" for ::1 at 2023-08-17 16:40:46 +0530
Processing by ArticlesController#new as HTML
  Rendering layout layouts/application.html.erb
  Rendering articles/new.html.erb within layouts/application
  Rendered articles/_form.html.erb (Duration: 1.4ms | Allocations: 1014)
  Rendered articles/new.html.erb within layouts/application (Duration: 1.6ms | Allocations: 1099)
  Rendered layout layouts/application.html.erb (Duration: 15.9ms | Allocations: 6692)
Completed 200 OK in 17ms (Views: 16.3ms | ActiveRecord: 0.0ms | Allocations: 7025)


Started POST "/articles" for ::1 at 2023-08-17 16:40:50 +0530
Processing by ArticlesController#create as TURBO_STREAM
  Parameters: {"authenticity_token"=>"[FILTERED]", "article"=>{"title"=>"", "description"=>""}, "commit"=>"Create Article"}
  [1m[36mTRANSACTION (0.0ms)[0m  [1m[36mbegin transaction[0m
  ↳ app/controllers/articles_controller.rb:30:in `block in create'
  [1m[36mArticle Create (0.2ms)[0m  [1m[32mINSERT INTO "articles" ("title", "price", "description", "created_at", "updated_at") VALUES (?, ?, ?, ?, ?)[0m  [["title", ""], ["price", nil], ["description", ""], ["created_at", "2023-08-17 11:10:50.919078"], ["updated_at", "2023-08-17 11:10:50.919078"]]
  ↳ app/controllers/articles_controller.rb:30:in `block in create'
  [1m[36mTRANSACTION (2.9ms)[0m  [1m[36mcommit transaction[0m
  ↳ app/controllers/articles_controller.rb:30:in `block in create'
Redirected to http://[::1]:3000/articles/6
Completed 302 Found in 8ms (ActiveRecord: 3.1ms | Allocations: 2232)


Started GET "/articles/6" for ::1 at 2023-08-17 16:40:50 +0530
Processing by ArticlesController#show as TURBO_STREAM
  Parameters: {"id"=>"6"}
  [1m[36mArticle Load (0.1ms)[0m  [1m[34mSELECT "articles".* FROM "articles" WHERE "articles"."id" = ? LIMIT ?[0m  [["id", 6], ["LIMIT", 1]]
  ↳ app/controllers/articles_controller.rb:66:in `set_article'
  Rendering layout layouts/application.html.erb
  Rendering articles/show.html.erb within layouts/application
  Rendered articles/_article.html.erb (Duration: 0.1ms | Allocations: 19)
  Rendered articles/show.html.erb within layouts/application (Duration: 1.2ms | Allocations: 634)
  Rendered layout layouts/application.html.erb (Duration: 8.2ms | Allocations: 6213)
Completed 200 OK in 10ms (Views: 8.7ms | ActiveRecord: 0.1ms | Allocations: 6978)


Started GET "/articles" for ::1 at 2023-08-17 16:40:53 +0530
Processing by ArticlesController#index as HTML
  Rendering layout layouts/application.html.erb
  Rendering articles/index.html.erb within layouts/application
  [1m[36mArticle Load (0.1ms)[0m  [1m[34mSELECT "articles".* FROM "articles"[0m
  ↳ app/views/articles/index.html.erb:6
  Rendered articles/_article.html.erb (Duration: 0.1ms | Allocations: 19)
  Rendered articles/_article.html.erb (Duration: 0.1ms | Allocations: 18)
  Rendered articles/_article.html.erb (Duration: 0.0ms | Allocations: 18)
  Rendered articles/index.html.erb within layouts/application (Duration: 2.5ms | Allocations: 1138)
  Rendered layout layouts/application.html.erb (Duration: 8.2ms | Allocations: 6735)
Completed 200 OK in 9ms (Views: 8.6ms | ActiveRecord: 0.1ms | Allocations: 7064)


Started GET "/articles/4" for ::1 at 2023-08-17 16:40:57 +0530
Processing by ArticlesController#show as HTML
  Parameters: {"id"=>"4"}
  [1m[36mArticle Load (0.1ms)[0m  [1m[34mSELECT "articles".* FROM "articles" WHERE "articles"."id" = ? LIMIT ?[0m  [["id", 4], ["LIMIT", 1]]
  ↳ app/controllers/articles_controller.rb:66:in `set_article'
  Rendering layout layouts/application.html.erb
  Rendering articles/show.html.erb within layouts/application
  Rendered articles/_article.html.erb (Duration: 0.0ms | Allocations: 19)
  Rendered articles/show.html.erb within layouts/application (Duration: 0.8ms | Allocations: 627)
  Rendered layout layouts/application.html.erb (Duration: 7.9ms | Allocations: 6209)
Completed 200 OK in 10ms (Views: 8.5ms | ActiveRecord: 0.1ms | Allocations: 6971)


Started DELETE "/articles/4" for ::1 at 2023-08-17 16:40:58 +0530
Processing by ArticlesController#destroy as TURBO_STREAM
  Parameters: {"authenticity_token"=>"[FILTERED]", "id"=>"4"}
  [1m[36mArticle Load (0.1ms)[0m  [1m[34mSELECT "articles".* FROM "articles" WHERE "articles"."id" = ? LIMIT ?[0m  [["id", 4], ["LIMIT", 1]]
  ↳ app/controllers/articles_controller.rb:66:in `set_article'
  [1m[36mTRANSACTION (0.0ms)[0m  [1m[36mbegin transaction[0m
  ↳ app/controllers/articles_controller.rb:55:in `destroy'
  [1m[36mArticle Destroy (0.2ms)[0m  [1m[31mDELETE FROM "articles" WHERE "articles"."id" = ?[0m  [["id", 4]]
  ↳ app/controllers/articles_controller.rb:55:in `destroy'
  [1m[36mTRANSACTION (2.9ms)[0m  [1m[36mcommit transaction[0m
  ↳ app/controllers/articles_controller.rb:55:in `destroy'
Redirected to http://[::1]:3000/articles
Completed 302 Found in 8ms (ActiveRecord: 3.2ms | Allocations: 2406)


Started GET "/articles" for ::1 at 2023-08-17 16:40:58 +0530
Processing by ArticlesController#index as TURBO_STREAM
  Rendering layout layouts/application.html.erb
  Rendering articles/index.html.erb within layouts/application
  [1m[36mArticle Load (0.1ms)[0m  [1m[34mSELECT "articles".* FROM "articles"[0m
  ↳ app/views/articles/index.html.erb:6
  Rendered articles/_article.html.erb (Duration: 0.1ms | Allocations: 19)
  Rendered articles/_article.html.erb (Duration: 0.0ms | Allocations: 18)
  Rendered articles/index.html.erb within layouts/application (Duration: 2.0ms | Allocations: 1053)
  Rendered layout layouts/application.html.erb (Duration: 7.4ms | Allocations: 6650)
Completed 200 OK in 8ms (Views: 7.8ms | ActiveRecord: 0.1ms | Allocations: 6982)


Started GET "/articles/5" for ::1 at 2023-08-17 16:40:59 +0530
Processing by ArticlesController#show as HTML
  Parameters: {"id"=>"5"}
  [1m[36mArticle Load (0.1ms)[0m  [1m[34mSELECT "articles".* FROM "articles" WHERE "articles"."id" = ? LIMIT ?[0m  [["id", 5], ["LIMIT", 1]]
  ↳ app/controllers/articles_controller.rb:66:in `set_article'
  Rendering layout layouts/application.html.erb
  Rendering articles/show.html.erb within layouts/application
  Rendered articles/_article.html.erb (Duration: 0.0ms | Allocations: 19)
  Rendered articles/show.html.erb within layouts/application (Duration: 0.9ms | Allocations: 621)
  Rendered layout layouts/application.html.erb (Duration: 6.5ms | Allocations: 6197)
Completed 200 OK in 8ms (Views: 7.0ms | ActiveRecord: 0.1ms | Allocations: 6958)


Started DELETE "/articles/5" for ::1 at 2023-08-17 16:41:00 +0530
Processing by ArticlesController#destroy as TURBO_STREAM
  Parameters: {"authenticity_token"=>"[FILTERED]", "id"=>"5"}
  [1m[36mArticle Load (0.1ms)[0m  [1m[34mSELECT "articles".* FROM "articles" WHERE "articles"."id" = ? LIMIT ?[0m  [["id", 5], ["LIMIT", 1]]
  ↳ app/controllers/articles_controller.rb:66:in `set_article'
  [1m[36mTRANSACTION (0.0ms)[0m  [1m[36mbegin transaction[0m
  ↳ app/controllers/articles_controller.rb:55:in `destroy'
  [1m[36mArticle Destroy (0.2ms)[0m  [1m[31mDELETE FROM "articles" WHERE "articles"."id" = ?[0m  [["id", 5]]
  ↳ app/controllers/articles_controller.rb:55:in `destroy'
  [1m[36mTRANSACTION (3.0ms)[0m  [1m[36mcommit transaction[0m
  ↳ app/controllers/articles_controller.rb:55:in `destroy'
Redirected to http://[::1]:3000/articles
Completed 302 Found in 7ms (ActiveRecord: 3.3ms | Allocations: 2281)


Started GET "/articles" for ::1 at 2023-08-17 16:41:00 +0530
Processing by ArticlesController#index as TURBO_STREAM
  Rendering layout layouts/application.html.erb
  Rendering articles/index.html.erb within layouts/application
  [1m[36mArticle Load (0.1ms)[0m  [1m[34mSELECT "articles".* FROM "articles"[0m
  ↳ app/views/articles/index.html.erb:6
  Rendered articles/_article.html.erb (Duration: 0.1ms | Allocations: 19)
  Rendered articles/index.html.erb within layouts/application (Duration: 1.9ms | Allocations: 909)
  Rendered layout layouts/application.html.erb (Duration: 8.0ms | Allocations: 6506)
Completed 200 OK in 9ms (Views: 8.3ms | ActiveRecord: 0.1ms | Allocations: 6838)


Started GET "/articles/6" for ::1 at 2023-08-17 16:41:01 +0530
Processing by ArticlesController#show as HTML
  Parameters: {"id"=>"6"}
  [1m[36mArticle Load (0.1ms)[0m  [1m[34mSELECT "articles".* FROM "articles" WHERE "articles"."id" = ? LIMIT ?[0m  [["id", 6], ["LIMIT", 1]]
  ↳ app/controllers/articles_controller.rb:66:in `set_article'
  Rendering layout layouts/application.html.erb
  Rendering articles/show.html.erb within layouts/application
  Rendered articles/_article.html.erb (Duration: 0.1ms | Allocations: 19)
  Rendered articles/show.html.erb within layouts/application (Duration: 1.1ms | Allocations: 627)
  Rendered layout layouts/application.html.erb (Duration: 8.8ms | Allocations: 6203)
Completed 200 OK in 11ms (Views: 9.2ms | ActiveRecord: 0.1ms | Allocations: 6965)


Started DELETE "/articles/6" for ::1 at 2023-08-17 16:41:02 +0530
Processing by ArticlesController#destroy as TURBO_STREAM
  Parameters: {"authenticity_token"=>"[FILTERED]", "id"=>"6"}
  [1m[36mArticle Load (0.1ms)[0m  [1m[34mSELECT "articles".* FROM "articles" WHERE "articles"."id" = ? LIMIT ?[0m  [["id", 6], ["LIMIT", 1]]
  ↳ app/controllers/articles_controller.rb:66:in `set_article'
  [1m[36mTRANSACTION (0.0ms)[0m  [1m[36mbegin transaction[0m
  ↳ app/controllers/articles_controller.rb:55:in `destroy'
  [1m[36mArticle Destroy (0.2ms)[0m  [1m[31mDELETE FROM "articles" WHERE "articles"."id" = ?[0m  [["id", 6]]
  ↳ app/controllers/articles_controller.rb:55:in `destroy'
  [1m[36mTRANSACTION (2.7ms)[0m  [1m[36mcommit transaction[0m
  ↳ app/controllers/articles_controller.rb:55:in `destroy'
Redirected to http://[::1]:3000/articles
Completed 302 Found in 8ms (ActiveRecord: 3.1ms | Allocations: 2283)


Started GET "/articles" for ::1 at 2023-08-17 16:41:02 +0530
Processing by ArticlesController#index as TURBO_STREAM
  Rendering layout layouts/application.html.erb
  Rendering articles/index.html.erb within layouts/application
  [1m[36mArticle Load (0.1ms)[0m  [1m[34mSELECT "articles".* FROM "articles"[0m
  ↳ app/views/articles/index.html.erb:6
  Rendered articles/index.html.erb within layouts/application (Duration: 1.8ms | Allocations: 760)
  Rendered layout layouts/application.html.erb (Duration: 6.9ms | Allocations: 6357)
Completed 200 OK in 8ms (Views: 7.2ms | ActiveRecord: 0.1ms | Allocations: 6690)


Started GET "/" for ::1 at 2023-08-21 15:50:16 +0530
  [1m[36mActiveRecord::SchemaMigration Pluck (0.1ms)[0m  [1m[34mSELECT "schema_migrations"."version" FROM "schema_migrations" ORDER BY "schema_migrations"."version" ASC[0m
Processing by Rails::WelcomeController#index as HTML
  Rendering /var/lib/gems/3.0.0/gems/railties-7.0.7/lib/rails/templates/rails/welcome/index.html.erb
  Rendered /var/lib/gems/3.0.0/gems/railties-7.0.7/lib/rails/templates/rails/welcome/index.html.erb (Duration: 1.1ms | Allocations: 826)
Completed 200 OK in 8ms (Views: 2.8ms | ActiveRecord: 0.0ms | Allocations: 7786)


Started GET "/articles" for ::1 at 2023-08-21 15:50:22 +0530
Processing by ArticlesController#index as HTML
  Rendering layout layouts/application.html.erb
  Rendering articles/index.html.erb within layouts/application
  [1m[36mArticle Load (0.2ms)[0m  [1m[34mSELECT "articles".* FROM "articles"[0m
  ↳ app/views/articles/index.html.erb:6
  Rendered articles/index.html.erb within layouts/application (Duration: 5.9ms | Allocations: 1377)
  Rendered layout layouts/application.html.erb (Duration: 78.6ms | Allocations: 53714)
Completed 200 OK in 82ms (Views: 79.6ms | ActiveRecord: 0.2ms | Allocations: 55865)


Started GET "/articles/new" for ::1 at 2023-08-21 15:50:24 +0530
Processing by ArticlesController#new as HTML
  Rendering layout layouts/application.html.erb
  Rendering articles/new.html.erb within layouts/application
  Rendered articles/_form.html.erb (Duration: 2.9ms | Allocations: 3078)
  Rendered articles/new.html.erb within layouts/application (Duration: 3.9ms | Allocations: 3457)
  Rendered layout layouts/application.html.erb (Duration: 8.8ms | Allocations: 9169)
Completed 200 OK in 19ms (Views: 9.3ms | ActiveRecord: 0.4ms | Allocations: 25835)


Started POST "/articles" for ::1 at 2023-08-21 15:50:29 +0530
Processing by ArticlesController#create as TURBO_STREAM
  Parameters: {"authenticity_token"=>"[FILTERED]", "article"=>{"title"=>"gytgfy", "description"=>"hu"}, "commit"=>"Create Article"}
  [1m[36mTRANSACTION (0.1ms)[0m  [1m[36mbegin transaction[0m
  ↳ app/controllers/articles_controller.rb:30:in `block in create'
  [1m[36mArticle Create (0.2ms)[0m  [1m[32mINSERT INTO "articles" ("title", "price", "description", "created_at", "updated_at") VALUES (?, ?, ?, ?, ?)[0m  [["title", "gytgfy"], ["price", nil], ["description", "hu"], ["created_at", "2023-08-21 10:20:29.611075"], ["updated_at", "2023-08-21 10:20:29.611075"]]
  ↳ app/controllers/articles_controller.rb:30:in `block in create'
  [1m[36mTRANSACTION (3.6ms)[0m  [1m[36mcommit transaction[0m
  ↳ app/controllers/articles_controller.rb:30:in `block in create'
Redirected to http://[::1]:3000/articles/7
Completed 302 Found in 9ms (ActiveRecord: 3.9ms | Allocations: 4110)


Started GET "/articles/7" for ::1 at 2023-08-21 15:50:29 +0530
Processing by ArticlesController#show as TURBO_STREAM
  Parameters: {"id"=>"7"}
  [1m[36mArticle Load (0.1ms)[0m  [1m[34mSELECT "articles".* FROM "articles" WHERE "articles"."id" = ? LIMIT ?[0m  [["id", 7], ["LIMIT", 1]]
  ↳ app/controllers/articles_controller.rb:66:in `set_article'
  Rendering layout layouts/application.html.erb
  Rendering articles/show.html.erb within layouts/application
  Rendered articles/_article.html.erb (Duration: 0.3ms | Allocations: 269)
  Rendered articles/show.html.erb within layouts/application (Duration: 2.3ms | Allocations: 1672)
  Rendered layout layouts/application.html.erb (Duration: 8.1ms | Allocations: 7366)
Completed 200 OK in 11ms (Views: 8.5ms | ActiveRecord: 0.1ms | Allocations: 10487)


Started GET "/articles" for ::1 at 2023-08-21 15:50:32 +0530
Processing by ArticlesController#index as HTML
  Rendering layout layouts/application.html.erb
  Rendering articles/index.html.erb within layouts/application
  [1m[36mArticle Load (0.1ms)[0m  [1m[34mSELECT "articles".* FROM "articles"[0m
  ↳ app/views/articles/index.html.erb:6
  Rendered articles/_article.html.erb (Duration: 0.1ms | Allocations: 19)
  Rendered articles/index.html.erb within layouts/application (Duration: 1.8ms | Allocations: 968)
  Rendered layout layouts/application.html.erb (Duration: 7.5ms | Allocations: 6570)
Completed 200 OK in 8ms (Views: 7.9ms | ActiveRecord: 0.1ms | Allocations: 6938)


Started GET "/articles/7" for ::1 at 2023-08-21 15:50:34 +0530
Processing by ArticlesController#show as HTML
  Parameters: {"id"=>"7"}
  [1m[36mArticle Load (0.1ms)[0m  [1m[34mSELECT "articles".* FROM "articles" WHERE "articles"."id" = ? LIMIT ?[0m  [["id", 7], ["LIMIT", 1]]
  ↳ app/controllers/articles_controller.rb:66:in `set_article'
  Rendering layout layouts/application.html.erb
  Rendering articles/show.html.erb within layouts/application
  Rendered articles/_article.html.erb (Duration: 0.1ms | Allocations: 19)
  Rendered articles/show.html.erb within layouts/application (Duration: 1.3ms | Allocations: 560)
  Rendered layout layouts/application.html.erb (Duration: 6.9ms | Allocations: 6136)
Completed 200 OK in 9ms (Views: 7.4ms | ActiveRecord: 0.1ms | Allocations: 6923)


Started DELETE "/articles/7" for ::1 at 2023-08-21 15:50:35 +0530
Processing by ArticlesController#destroy as TURBO_STREAM
  Parameters: {"authenticity_token"=>"[FILTERED]", "id"=>"7"}
  [1m[36mArticle Load (0.1ms)[0m  [1m[34mSELECT "articles".* FROM "articles" WHERE "articles"."id" = ? LIMIT ?[0m  [["id", 7], ["LIMIT", 1]]
  ↳ app/controllers/articles_controller.rb:66:in `set_article'
  [1m[36mTRANSACTION (0.0ms)[0m  [1m[36mbegin transaction[0m
  ↳ app/controllers/articles_controller.rb:55:in `destroy'
  [1m[36mArticle Destroy (0.2ms)[0m  [1m[31mDELETE FROM "articles" WHERE "articles"."id" = ?[0m  [["id", 7]]
  ↳ app/controllers/articles_controller.rb:55:in `destroy'
  [1m[36mTRANSACTION (4.3ms)[0m  [1m[36mcommit transaction[0m
  ↳ app/controllers/articles_controller.rb:55:in `destroy'
Redirected to http://[::1]:3000/articles
Completed 302 Found in 9ms (ActiveRecord: 4.7ms | Allocations: 2411)


Started GET "/articles" for ::1 at 2023-08-21 15:50:35 +0530
Processing by ArticlesController#index as TURBO_STREAM
  Rendering layout layouts/application.html.erb
  Rendering articles/index.html.erb within layouts/application
  [1m[36mArticle Load (0.1ms)[0m  [1m[34mSELECT "articles".* FROM "articles"[0m
  ↳ app/views/articles/index.html.erb:6
  Rendered articles/index.html.erb within layouts/application (Duration: 1.2ms | Allocations: 740)
  Rendered layout layouts/application.html.erb (Duration: 6.3ms | Allocations: 6341)
Completed 200 OK in 7ms (Views: 6.7ms | ActiveRecord: 0.1ms | Allocations: 6673)


Started GET "/articles/new" for ::1 at 2023-08-21 15:50:36 +0530
Processing by ArticlesController#new as HTML
  Rendering layout layouts/application.html.erb
  Rendering articles/new.html.erb within layouts/application
  Rendered articles/_form.html.erb (Duration: 1.3ms | Allocations: 1025)
  Rendered articles/new.html.erb within layouts/application (Duration: 1.5ms | Allocations: 1111)
  Rendered layout layouts/application.html.erb (Duration: 8.1ms | Allocations: 6701)
Completed 200 OK in 9ms (Views: 8.6ms | ActiveRecord: 0.0ms | Allocations: 7037)


Started POST "/articles" for ::1 at 2023-08-21 15:50:41 +0530
Processing by ArticlesController#create as TURBO_STREAM
  Parameters: {"authenticity_token"=>"[FILTERED]", "article"=>{"title"=>"gy7utuigiu", "description"=>"utyoughou"}, "commit"=>"Create Article"}
  [1m[36mTRANSACTION (0.0ms)[0m  [1m[36mbegin transaction[0m
  ↳ app/controllers/articles_controller.rb:30:in `block in create'
  [1m[36mArticle Create (0.2ms)[0m  [1m[32mINSERT INTO "articles" ("title", "price", "description", "created_at", "updated_at") VALUES (?, ?, ?, ?, ?)[0m  [["title", "gy7utuigiu"], ["price", nil], ["description", "utyoughou"], ["created_at", "2023-08-21 10:20:41.880721"], ["updated_at", "2023-08-21 10:20:41.880721"]]
  ↳ app/controllers/articles_controller.rb:30:in `block in create'
  [1m[36mTRANSACTION (2.8ms)[0m  [1m[36mcommit transaction[0m
  ↳ app/controllers/articles_controller.rb:30:in `block in create'
Redirected to http://[::1]:3000/articles/8
Completed 302 Found in 7ms (ActiveRecord: 3.0ms | Allocations: 2230)


Started GET "/articles/8" for ::1 at 2023-08-21 15:50:41 +0530
Processing by ArticlesController#show as TURBO_STREAM
  Parameters: {"id"=>"8"}
  [1m[36mArticle Load (0.1ms)[0m  [1m[34mSELECT "articles".* FROM "articles" WHERE "articles"."id" = ? LIMIT ?[0m  [["id", 8], ["LIMIT", 1]]
  ↳ app/controllers/articles_controller.rb:66:in `set_article'
  Rendering layout layouts/application.html.erb
  Rendering articles/show.html.erb within layouts/application
  Rendered articles/_article.html.erb (Duration: 0.1ms | Allocations: 19)
  Rendered articles/show.html.erb within layouts/application (Duration: 1.3ms | Allocations: 584)
  Rendered layout layouts/application.html.erb (Duration: 9.6ms | Allocations: 6175)
Completed 200 OK in 12ms (Views: 10.2ms | ActiveRecord: 0.1ms | Allocations: 6942)


Started GET "/articles" for ::1 at 2023-08-21 15:50:43 +0530
Processing by ArticlesController#index as HTML
  Rendering layout layouts/application.html.erb
  Rendering articles/index.html.erb within layouts/application
  [1m[36mArticle Load (0.1ms)[0m  [1m[34mSELECT "articles".* FROM "articles"[0m
  ↳ app/views/articles/index.html.erb:6
  Rendered articles/_article.html.erb (Duration: 0.1ms | Allocations: 19)
  Rendered articles/index.html.erb within layouts/application (Duration: 1.5ms | Allocations: 839)
  Rendered layout layouts/application.html.erb (Duration: 6.9ms | Allocations: 6436)
Completed 200 OK in 8ms (Views: 7.2ms | ActiveRecord: 0.1ms | Allocations: 6765)


Started GET "/articles/new" for ::1 at 2023-08-21 15:50:45 +0530
Processing by ArticlesController#new as HTML
  Rendering layout layouts/application.html.erb
  Rendering articles/new.html.erb within layouts/application
  Rendered articles/_form.html.erb (Duration: 1.2ms | Allocations: 965)
  Rendered articles/new.html.erb within layouts/application (Duration: 1.4ms | Allocations: 1050)
  Rendered layout layouts/application.html.erb (Duration: 7.5ms | Allocations: 6637)
Completed 200 OK in 8ms (Views: 7.9ms | ActiveRecord: 0.0ms | Allocations: 6969)


Started POST "/articles" for ::1 at 2023-08-21 15:50:50 +0530
Processing by ArticlesController#create as TURBO_STREAM
  Parameters: {"authenticity_token"=>"[FILTERED]", "article"=>{"title"=>"hjfhjvbvh", "description"=>"vhjbhb"}, "commit"=>"Create Article"}
  [1m[36mTRANSACTION (0.0ms)[0m  [1m[36mbegin transaction[0m
  ↳ app/controllers/articles_controller.rb:30:in `block in create'
  [1m[36mArticle Create (0.2ms)[0m  [1m[32mINSERT INTO "articles" ("title", "price", "description", "created_at", "updated_at") VALUES (?, ?, ?, ?, ?)[0m  [["title", "hjfhjvbvh"], ["price", nil], ["description", "vhjbhb"], ["created_at", "2023-08-21 10:20:50.784956"], ["updated_at", "2023-08-21 10:20:50.784956"]]
  ↳ app/controllers/articles_controller.rb:30:in `block in create'
  [1m[36mTRANSACTION (2.8ms)[0m  [1m[36mcommit transaction[0m
  ↳ app/controllers/articles_controller.rb:30:in `block in create'
Redirected to http://[::1]:3000/articles/9
Completed 302 Found in 7ms (ActiveRecord: 3.1ms | Allocations: 2183)


Started GET "/articles/9" for ::1 at 2023-08-21 15:50:50 +0530
Processing by ArticlesController#show as TURBO_STREAM
  Parameters: {"id"=>"9"}
  [1m[36mArticle Load (0.1ms)[0m  [1m[34mSELECT "articles".* FROM "articles" WHERE "articles"."id" = ? LIMIT ?[0m  [["id", 9], ["LIMIT", 1]]
  ↳ app/controllers/articles_controller.rb:66:in `set_article'
  Rendering layout layouts/application.html.erb
  Rendering articles/show.html.erb within layouts/application
  Rendered articles/_article.html.erb (Duration: 0.1ms | Allocations: 19)
  Rendered articles/show.html.erb within layouts/application (Duration: 1.0ms | Allocations: 589)
  Rendered layout layouts/application.html.erb (Duration: 7.5ms | Allocations: 6171)
Completed 200 OK in 9ms (Views: 7.9ms | ActiveRecord: 0.1ms | Allocations: 6935)


Started GET "/articles" for ::1 at 2023-08-21 15:50:52 +0530
Processing by ArticlesController#index as HTML
  Rendering layout layouts/application.html.erb
  Rendering articles/index.html.erb within layouts/application
  [1m[36mArticle Load (0.1ms)[0m  [1m[34mSELECT "articles".* FROM "articles"[0m
  ↳ app/views/articles/index.html.erb:6
  Rendered articles/_article.html.erb (Duration: 0.1ms | Allocations: 19)
  Rendered articles/_article.html.erb (Duration: 0.1ms | Allocations: 18)
  Rendered articles/index.html.erb within layouts/application (Duration: 1.6ms | Allocations: 972)
  Rendered layout layouts/application.html.erb (Duration: 6.9ms | Allocations: 6569)
Completed 200 OK in 8ms (Views: 7.2ms | ActiveRecord: 0.1ms | Allocations: 6898)


Started GET "/" for 127.0.0.1 at 2023-08-21 15:51:10 +0530
Processing by Rails::WelcomeController#index as HTML
  Rendering /var/lib/gems/3.0.0/gems/railties-7.0.7/lib/rails/templates/rails/welcome/index.html.erb
  Rendered /var/lib/gems/3.0.0/gems/railties-7.0.7/lib/rails/templates/rails/welcome/index.html.erb (Duration: 1.6ms | Allocations: 488)
Completed 200 OK in 4ms (Views: 2.9ms | ActiveRecord: 0.0ms | Allocations: 1424)


Started GET "/articles" for 127.0.0.1 at 2023-08-21 15:51:16 +0530
Processing by ArticlesController#index as HTML
  Rendering layout layouts/application.html.erb
  Rendering articles/index.html.erb within layouts/application
  [1m[36mArticle Load (0.1ms)[0m  [1m[34mSELECT "articles".* FROM "articles"[0m
  ↳ app/views/articles/index.html.erb:6
  Rendered articles/_article.html.erb (Duration: 0.1ms | Allocations: 23)
  Rendered articles/_article.html.erb (Duration: 0.1ms | Allocations: 18)
  Rendered articles/index.html.erb within layouts/application (Duration: 2.5ms | Allocations: 1017)
  Rendered layout layouts/application.html.erb (Duration: 8.2ms | Allocations: 6754)
Completed 200 OK in 9ms (Views: 8.7ms | ActiveRecord: 0.1ms | Allocations: 7103)


Started GET "/articles" for 127.0.0.1 at 2023-08-21 15:51:25 +0530
Processing by ArticlesController#index as */*
  Rendering layout layouts/application.html.erb
  Rendering articles/index.html.erb within layouts/application
  [1m[36mArticle Load (0.1ms)[0m  [1m[34mSELECT "articles".* FROM "articles"[0m
  ↳ app/views/articles/index.html.erb:6
  Rendered articles/_article.html.erb (Duration: 0.1ms | Allocations: 19)
  Rendered articles/_article.html.erb (Duration: 0.1ms | Allocations: 18)
  Rendered articles/index.html.erb within layouts/application (Duration: 2.5ms | Allocations: 901)
  Rendered layout layouts/application.html.erb (Duration: 8.7ms | Allocations: 6510)
Completed 200 OK in 10ms (Views: 9.0ms | ActiveRecord: 0.1ms | Allocations: 6961)


Started DELETE "/articles/1" for 127.0.0.1 at 2023-08-21 15:52:18 +0530
Processing by ArticlesController#destroy as */*
  Parameters: {"id"=>"1"}
Can't verify CSRF token authenticity.
Completed 422 Unprocessable Entity in 0ms (ActiveRecord: 0.0ms | Allocations: 491)


  
ActionController::InvalidAuthenticityToken (Can't verify CSRF token authenticity.):
  
actionpack (7.0.7) lib/action_controller/metal/request_forgery_protection.rb:253:in `handle_unverified_request'
actionpack (7.0.7) lib/action_controller/metal/request_forgery_protection.rb:286:in `handle_unverified_request'
actionpack (7.0.7) lib/action_controller/metal/request_forgery_protection.rb:275:in `verify_authenticity_token'
activesupport (7.0.7) lib/active_support/callbacks.rb:400:in `block in make_lambda'
activesupport (7.0.7) lib/active_support/callbacks.rb:199:in `block (2 levels) in halting'
actionpack (7.0.7) lib/abstract_controller/callbacks.rb:34:in `block (2 levels) in <module:Callbacks>'
activesupport (7.0.7) lib/active_support/callbacks.rb:200:in `block in halting'
activesupport (7.0.7) lib/active_support/callbacks.rb:595:in `block in invoke_before'
activesupport (7.0.7) lib/active_support/callbacks.rb:595:in `each'
activesupport (7.0.7) lib/active_support/callbacks.rb:595:in `invoke_before'
activesupport (7.0.7) lib/active_support/callbacks.rb:116:in `block in run_callbacks'
activesupport (7.0.7) lib/active_support/callbacks.rb:138:in `run_callbacks'
actionpack (7.0.7) lib/abstract_controller/callbacks.rb:233:in `process_action'
actionpack (7.0.7) lib/action_controller/metal/rescue.rb:23:in `process_action'
actionpack (7.0.7) lib/action_controller/metal/instrumentation.rb:67:in `block in process_action'
activesupport (7.0.7) lib/active_support/notifications.rb:206:in `block in instrument'
activesupport (7.0.7) lib/active_support/notifications/instrumenter.rb:24:in `instrument'
activesupport (7.0.7) lib/active_support/notifications.rb:206:in `instrument'
actionpack (7.0.7) lib/action_controller/metal/instrumentation.rb:66:in `process_action'
actionpack (7.0.7) lib/action_controller/metal/params_wrapper.rb:259:in `process_action'
activerecord (7.0.7) lib/active_record/railties/controller_runtime.rb:27:in `process_action'
actionpack (7.0.7) lib/abstract_controller/base.rb:151:in `process'
actionview (7.0.7) lib/action_view/rendering.rb:39:in `process'
actionpack (7.0.7) lib/action_controller/metal.rb:188:in `dispatch'
actionpack (7.0.7) lib/action_controller/metal.rb:251:in `dispatch'
actionpack (7.0.7) lib/action_dispatch/routing/route_set.rb:49:in `dispatch'
actionpack (7.0.7) lib/action_dispatch/routing/route_set.rb:32:in `serve'
actionpack (7.0.7) lib/action_dispatch/journey/router.rb:50:in `block in serve'
actionpack (7.0.7) lib/action_dispatch/journey/router.rb:32:in `each'
actionpack (7.0.7) lib/action_dispatch/journey/router.rb:32:in `serve'
actionpack (7.0.7) lib/action_dispatch/routing/route_set.rb:852:in `call'
rack (2.2.8) lib/rack/tempfile_reaper.rb:15:in `call'
rack (2.2.8) lib/rack/etag.rb:27:in `call'
rack (2.2.8) lib/rack/conditional_get.rb:40:in `call'
rack (2.2.8) lib/rack/head.rb:12:in `call'
actionpack (7.0.7) lib/action_dispatch/http/permissions_policy.rb:38:in `call'
actionpack (7.0.7) lib/action_dispatch/http/content_security_policy.rb:36:in `call'
rack (2.2.8) lib/rack/session/abstract/id.rb:266:in `context'
rack (2.2.8) lib/rack/session/abstract/id.rb:260:in `call'
actionpack (7.0.7) lib/action_dispatch/middleware/cookies.rb:704:in `call'
activerecord (7.0.7) lib/active_record/migration.rb:603:in `call'
actionpack (7.0.7) lib/action_dispatch/middleware/callbacks.rb:27:in `block in call'
activesupport (7.0.7) lib/active_support/callbacks.rb:99:in `run_callbacks'
actionpack (7.0.7) lib/action_dispatch/middleware/callbacks.rb:26:in `call'
actionpack (7.0.7) lib/action_dispatch/middleware/executor.rb:14:in `call'
actionpack (7.0.7) lib/action_dispatch/middleware/actionable_exceptions.rb:17:in `call'
actionpack (7.0.7) lib/action_dispatch/middleware/debug_exceptions.rb:28:in `call'
web-console (4.2.0) lib/web_console/middleware.rb:132:in `call_app'
web-console (4.2.0) lib/web_console/middleware.rb:28:in `block in call'
web-console (4.2.0) lib/web_console/middleware.rb:17:in `catch'
web-console (4.2.0) lib/web_console/middleware.rb:17:in `call'
actionpack (7.0.7) lib/action_dispatch/middleware/show_exceptions.rb:29:in `call'
railties (7.0.7) lib/rails/rack/logger.rb:40:in `call_app'
railties (7.0.7) lib/rails/rack/logger.rb:25:in `block in call'
activesupport (7.0.7) lib/active_support/tagged_logging.rb:99:in `block in tagged'
activesupport (7.0.7) lib/active_support/tagged_logging.rb:37:in `tagged'
activesupport (7.0.7) lib/active_support/tagged_logging.rb:99:in `tagged'
railties (7.0.7) lib/rails/rack/logger.rb:25:in `call'
sprockets-rails (3.4.2) lib/sprockets/rails/quiet_assets.rb:13:in `call'
actionpack (7.0.7) lib/action_dispatch/middleware/remote_ip.rb:93:in `call'
actionpack (7.0.7) lib/action_dispatch/middleware/request_id.rb:26:in `call'
rack (2.2.8) lib/rack/method_override.rb:24:in `call'
rack (2.2.8) lib/rack/runtime.rb:22:in `call'
activesupport (7.0.7) lib/active_support/cache/strategy/local_cache_middleware.rb:29:in `call'
actionpack (7.0.7) lib/action_dispatch/middleware/server_timing.rb:61:in `block in call'
actionpack (7.0.7) lib/action_dispatch/middleware/server_timing.rb:26:in `collect_events'
actionpack (7.0.7) lib/action_dispatch/middleware/server_timing.rb:60:in `call'
actionpack (7.0.7) lib/action_dispatch/middleware/executor.rb:14:in `call'
actionpack (7.0.7) lib/action_dispatch/middleware/static.rb:23:in `call'
rack (2.2.8) lib/rack/sendfile.rb:110:in `call'
actionpack (7.0.7) lib/action_dispatch/middleware/host_authorization.rb:137:in `call'
railties (7.0.7) lib/rails/engine.rb:530:in `call'
puma (5.6.6) lib/puma/configuration.rb:252:in `call'
puma (5.6.6) lib/puma/request.rb:77:in `block in handle_request'
puma (5.6.6) lib/puma/thread_pool.rb:340:in `with_force_shutdown'
puma (5.6.6) lib/puma/request.rb:76:in `handle_request'
puma (5.6.6) lib/puma/server.rb:443:in `process_client'
puma (5.6.6) lib/puma/thread_pool.rb:147:in `block in spawn_thread'
Started DELETE "/articles" for 127.0.0.1 at 2023-08-21 15:52:25 +0530
  
ActionController::RoutingError (No route matches [DELETE] "/articles"):
  
Started GET "/posts/1" for ::1 at 2023-08-21 15:54:42 +0530
  
ActionController::RoutingError (No route matches [GET] "/posts/1"):
  
